This is pdfTeX, Version 3.14159265-2.6-1.40.18 (TeX Live 2017) (preloaded format=pdflatex 2018.3.10)  16 APR 2018 09:55
entering extended mode
 restricted \write18 enabled.
 file:line:error style messages enabled.
 %&-line parsing enabled.
**GM-180307.tex
(./GM-180307.tex
LaTeX2e <2017-04-15>
Babel <3.10> and hyphenation patterns for 84 language(s) loaded.
(/usr/local/texlive/2017/texmf-dist/tex/latex/beamer/beamer.cls
Document Class: beamer 2017/01/23 v3.41 A class for typesetting presentations
(/usr/local/texlive/2017/texmf-dist/tex/latex/etoolbox/etoolbox.sty
Package: etoolbox 2017/01/02 v2.4 e-TeX tools for LaTeX (JAW)
\etb@tempcnta=\count79
) (/usr/local/texlive/2017/texmf-dist/tex/latex/beamer/beamerbasemodes.sty
\beamer@tempbox=\box26
\beamer@tempcount=\count80
\c@beamerpauses=\count81
 (/usr/local/texlive/2017/texmf-dist/tex/latex/beamer/beamerbasedecode.sty
\beamer@slideinframe=\count82
\beamer@minimum=\count83
)
\beamer@commentbox=\box27
\beamer@modecount=\count84
) (/usr/local/texlive/2017/texmf-dist/tex/generic/oberdiek/ifpdf.sty
Package: ifpdf 2017/03/15 v3.2 Provides the ifpdf switch
)
\headheight=\dimen102
\headdp=\dimen103
\footheight=\dimen104
\sidebarheight=\dimen105
\beamer@tempdim=\dimen106
\beamer@finalheight=\dimen107
\beamer@animht=\dimen108
\beamer@animdp=\dimen109
\beamer@animwd=\dimen110
\beamer@leftmargin=\dimen111
\beamer@rightmargin=\dimen112
\beamer@leftsidebar=\dimen113
\beamer@rightsidebar=\dimen114
\beamer@boxsize=\dimen115
\beamer@vboxoffset=\dimen116
\beamer@descdefault=\dimen117
\beamer@descriptionwidth=\dimen118
\beamer@lastskip=\skip41
\beamer@areabox=\box28
\beamer@animcurrent=\box29
\beamer@animshowbox=\box30
\beamer@sectionbox=\box31
\beamer@logobox=\box32
\beamer@linebox=\box33
\beamer@sectioncount=\count85
\beamer@subsubsectionmax=\count86
\beamer@subsectionmax=\count87
\beamer@sectionmax=\count88
\beamer@totalheads=\count89
\beamer@headcounter=\count90
\beamer@partstartpage=\count91
\beamer@sectionstartpage=\count92
\beamer@subsectionstartpage=\count93
\beamer@animationtempa=\count94
\beamer@animationtempb=\count95
\beamer@xpos=\count96
\beamer@ypos=\count97
\beamer@showpartnumber=\count98
\beamer@currentsubsection=\count99
\beamer@coveringdepth=\count100
\beamer@sectionadjust=\count101
\beamer@tocsectionnumber=\count102
 (/usr/local/texlive/2017/texmf-dist/tex/latex/beamer/beamerbaseoptions.sty (/usr/local/texlive/2017/texmf-dist/tex/latex/graphics/keyval.sty
Package: keyval 2014/10/28 v1.15 key=value parser (DPC)
\KV@toks@=\toks14
))
\beamer@paperwidth=\skip42
\beamer@paperheight=\skip43
 (/usr/local/texlive/2017/texmf-dist/tex/latex/geometry/geometry.sty
Package: geometry 2010/09/12 v5.6 Page Geometry
 (/usr/local/texlive/2017/texmf-dist/tex/generic/oberdiek/ifvtex.sty
Package: ifvtex 2016/05/16 v1.6 Detect VTeX and its facilities (HO)
Package ifvtex Info: VTeX not detected.
) (/usr/local/texlive/2017/texmf-dist/tex/generic/ifxetex/ifxetex.sty
Package: ifxetex 2010/09/12 v0.6 Provides ifxetex conditional
)
\Gm@cnth=\count103
\Gm@cntv=\count104
\c@Gm@tempcnt=\count105
\Gm@bindingoffset=\dimen119
\Gm@wd@mp=\dimen120
\Gm@odd@mp=\dimen121
\Gm@even@mp=\dimen122
\Gm@layoutwidth=\dimen123
\Gm@layoutheight=\dimen124
\Gm@layouthoffset=\dimen125
\Gm@layoutvoffset=\dimen126
\Gm@dimlist=\toks15
) (/usr/local/texlive/2017/texmf-dist/tex/latex/base/size10.clo
File: size10.clo 2014/09/29 v1.4h Standard LaTeX file (size option)
) (/usr/local/texlive/2017/texmf-dist/tex/latex/pgf/basiclayer/pgfcore.sty (/usr/local/texlive/2017/texmf-dist/tex/latex/graphics/graphicx.sty
Package: graphicx 2014/10/28 v1.0g Enhanced LaTeX Graphics (DPC,SPQR)
 (/usr/local/texlive/2017/texmf-dist/tex/latex/graphics/graphics.sty
Package: graphics 2017/04/14 v1.1b Standard LaTeX Graphics (DPC,SPQR)
 (/usr/local/texlive/2017/texmf-dist/tex/latex/graphics/trig.sty
Package: trig 2016/01/03 v1.10 sin cos tan (DPC)
)
(/usr/local/texlive/2017/texmf-dist/tex/latex/graphics-cfg/graphics.cfg
File: graphics.cfg 2016/06/04 v1.11 sample graphics configuration
)
Package graphics Info: Driver file: pdftex.def on input line 99.
 (/usr/local/texlive/2017/texmf-dist/tex/latex/graphics-def/pdftex.def
File: pdftex.def 2017/01/12 v0.06k Graphics/color for pdfTeX
 (/usr/local/texlive/2017/texmf-dist/tex/generic/oberdiek/infwarerr.sty
Package: infwarerr 2016/05/16 v1.4 Providing info/warning/error messages (HO)
) (/usr/local/texlive/2017/texmf-dist/tex/generic/oberdiek/ltxcmds.sty
Package: ltxcmds 2016/05/16 v1.23 LaTeX kernel commands for general use (HO)
)
\Gread@gobject=\count106
))
\Gin@req@height=\dimen127
\Gin@req@width=\dimen128
) (/usr/local/texlive/2017/texmf-dist/tex/latex/pgf/systemlayer/pgfsys.sty (/usr/local/texlive/2017/texmf-dist/tex/latex/pgf/utilities/pgfrcs.sty (/usr/local/texlive/2017/texmf-dist/tex/generic/pgf/utilities/pgfutil-common.tex
\pgfutil@everybye=\toks16
\pgfutil@tempdima=\dimen129
\pgfutil@tempdimb=\dimen130
 (/usr/local/texlive/2017/texmf-dist/tex/generic/pgf/utilities/pgfutil-common-lists.tex)) (/usr/local/texlive/2017/texmf-dist/tex/generic/pgf/utilities/pgfutil-latex.def
\pgfutil@abb=\box34
 (/usr/local/texlive/2017/texmf-dist/tex/latex/ms/everyshi.sty
Package: everyshi 2001/05/15 v3.00 EveryShipout Package (MS)
)) (/usr/local/texlive/2017/texmf-dist/tex/generic/pgf/utilities/pgfrcs.code.tex
Package: pgfrcs 2015/08/07 v3.0.1a (rcs-revision 1.31)
)) (/usr/local/texlive/2017/texmf-dist/tex/generic/pgf/systemlayer/pgfsys.code.tex
Package: pgfsys 2014/07/09 v3.0.1a (rcs-revision 1.48)
 (/usr/local/texlive/2017/texmf-dist/tex/generic/pgf/utilities/pgfkeys.code.tex
\pgfkeys@pathtoks=\toks17
\pgfkeys@temptoks=\toks18

(/usr/local/texlive/2017/texmf-dist/tex/generic/pgf/utilities/pgfkeysfiltered.code.tex
\pgfkeys@tmptoks=\toks19
))
\pgf@x=\dimen131
\pgf@y=\dimen132
\pgf@xa=\dimen133
\pgf@ya=\dimen134
\pgf@xb=\dimen135
\pgf@yb=\dimen136
\pgf@xc=\dimen137
\pgf@yc=\dimen138
\w@pgf@writea=\write3
\r@pgf@reada=\read1
\c@pgf@counta=\count107
\c@pgf@countb=\count108
\c@pgf@countc=\count109
\c@pgf@countd=\count110
\t@pgf@toka=\toks20
\t@pgf@tokb=\toks21
\t@pgf@tokc=\toks22
 (/usr/local/texlive/2017/texmf-dist/tex/generic/pgf/systemlayer/pgf.cfg
File: pgf.cfg 2008/05/14  (rcs-revision 1.7)
)
Driver file for pgf: pgfsys-pdftex.def
 (/usr/local/texlive/2017/texmf-dist/tex/generic/pgf/systemlayer/pgfsys-pdftex.def
File: pgfsys-pdftex.def 2014/10/11  (rcs-revision 1.35)
 (/usr/local/texlive/2017/texmf-dist/tex/generic/pgf/systemlayer/pgfsys-common-pdf.def
File: pgfsys-common-pdf.def 2013/10/10  (rcs-revision 1.13)
))) (/usr/local/texlive/2017/texmf-dist/tex/generic/pgf/systemlayer/pgfsyssoftpath.code.tex
File: pgfsyssoftpath.code.tex 2013/09/09  (rcs-revision 1.9)
\pgfsyssoftpath@smallbuffer@items=\count111
\pgfsyssoftpath@bigbuffer@items=\count112
) (/usr/local/texlive/2017/texmf-dist/tex/generic/pgf/systemlayer/pgfsysprotocol.code.tex
File: pgfsysprotocol.code.tex 2006/10/16  (rcs-revision 1.4)
)) (/usr/local/texlive/2017/texmf-dist/tex/latex/xcolor/xcolor.sty
Package: xcolor 2016/05/11 v2.12 LaTeX color extensions (UK)
 (/usr/local/texlive/2017/texmf-dist/tex/latex/graphics-cfg/color.cfg
File: color.cfg 2016/01/02 v1.6 sample color configuration
)
Package xcolor Info: Driver file: pdftex.def on input line 225.
Package xcolor Info: Model `cmy' substituted by `cmy0' on input line 1348.
Package xcolor Info: Model `hsb' substituted by `rgb' on input line 1352.
Package xcolor Info: Model `RGB' extended on input line 1364.
Package xcolor Info: Model `HTML' substituted by `rgb' on input line 1366.
Package xcolor Info: Model `Hsb' substituted by `hsb' on input line 1367.
Package xcolor Info: Model `tHsb' substituted by `hsb' on input line 1368.
Package xcolor Info: Model `HSB' substituted by `hsb' on input line 1369.
Package xcolor Info: Model `Gray' substituted by `gray' on input line 1370.
Package xcolor Info: Model `wave' substituted by `hsb' on input line 1371.
) (/usr/local/texlive/2017/texmf-dist/tex/generic/pgf/basiclayer/pgfcore.code.tex
Package: pgfcore 2010/04/11 v3.0.1a (rcs-revision 1.7)
 (/usr/local/texlive/2017/texmf-dist/tex/generic/pgf/math/pgfmath.code.tex (/usr/local/texlive/2017/texmf-dist/tex/generic/pgf/math/pgfmathcalc.code.tex (/usr/local/texlive/2017/texmf-dist/tex/generic/pgf/math/pgfmathutil.code.tex)
(/usr/local/texlive/2017/texmf-dist/tex/generic/pgf/math/pgfmathparser.code.tex
\pgfmath@dimen=\dimen139
\pgfmath@count=\count113
\pgfmath@box=\box35
\pgfmath@toks=\toks23
\pgfmath@stack@operand=\toks24
\pgfmath@stack@operation=\toks25
) (/usr/local/texlive/2017/texmf-dist/tex/generic/pgf/math/pgfmathfunctions.code.tex (/usr/local/texlive/2017/texmf-dist/tex/generic/pgf/math/pgfmathfunctions.basic.code.tex) (/usr/local/texlive/2017/texmf-dist/tex/generic/pgf/math/pgfmathfunctions.trigonometric.code.tex) (/usr/local/texlive/2017/texmf-dist/tex/generic/pgf/math/pgfmathfunctions.random.code.tex) (/usr/local/texlive/2017/texmf-dist/tex/generic/pgf/math/pgfmathfunctions.comparison.code.tex) (/usr/local/texlive/2017/texmf-dist/tex/generic/pgf/math/pgfmathfunctions.base.code.tex) (/usr/local/texlive/2017/texmf-dist/tex/generic/pgf/math/pgfmathfunctions.round.code.tex) (/usr/local/texlive/2017/texmf-dist/tex/generic/pgf/math/pgfmathfunctions.misc.code.tex) (/usr/local/texlive/2017/texmf-dist/tex/generic/pgf/math/pgfmathfunctions.integerarithmetics.code.tex))) (/usr/local/texlive/2017/texmf-dist/tex/generic/pgf/math/pgfmathfloat.code.tex
\c@pgfmathroundto@lastzeros=\count114
))
(/usr/local/texlive/2017/texmf-dist/tex/generic/pgf/basiclayer/pgfcorepoints.code.tex
File: pgfcorepoints.code.tex 2013/10/07  (rcs-revision 1.27)
\pgf@picminx=\dimen140
\pgf@picmaxx=\dimen141
\pgf@picminy=\dimen142
\pgf@picmaxy=\dimen143
\pgf@pathminx=\dimen144
\pgf@pathmaxx=\dimen145
\pgf@pathminy=\dimen146
\pgf@pathmaxy=\dimen147
\pgf@xx=\dimen148
\pgf@xy=\dimen149
\pgf@yx=\dimen150
\pgf@yy=\dimen151
\pgf@zx=\dimen152
\pgf@zy=\dimen153
) (/usr/local/texlive/2017/texmf-dist/tex/generic/pgf/basiclayer/pgfcorepathconstruct.code.tex
File: pgfcorepathconstruct.code.tex 2013/10/07  (rcs-revision 1.29)
\pgf@path@lastx=\dimen154
\pgf@path@lasty=\dimen155
) (/usr/local/texlive/2017/texmf-dist/tex/generic/pgf/basiclayer/pgfcorepathusage.code.tex
File: pgfcorepathusage.code.tex 2014/11/02  (rcs-revision 1.24)
\pgf@shorten@end@additional=\dimen156
\pgf@shorten@start@additional=\dimen157
) (/usr/local/texlive/2017/texmf-dist/tex/generic/pgf/basiclayer/pgfcorescopes.code.tex
File: pgfcorescopes.code.tex 2015/05/08  (rcs-revision 1.46)
\pgfpic=\box36
\pgf@hbox=\box37
\pgf@layerbox@main=\box38
\pgf@picture@serial@count=\count115
) (/usr/local/texlive/2017/texmf-dist/tex/generic/pgf/basiclayer/pgfcoregraphicstate.code.tex
File: pgfcoregraphicstate.code.tex 2014/11/02  (rcs-revision 1.12)
\pgflinewidth=\dimen158
) (/usr/local/texlive/2017/texmf-dist/tex/generic/pgf/basiclayer/pgfcoretransformations.code.tex
File: pgfcoretransformations.code.tex 2015/08/07  (rcs-revision 1.20)
\pgf@pt@x=\dimen159
\pgf@pt@y=\dimen160
\pgf@pt@temp=\dimen161
) (/usr/local/texlive/2017/texmf-dist/tex/generic/pgf/basiclayer/pgfcorequick.code.tex
File: pgfcorequick.code.tex 2008/10/09  (rcs-revision 1.3)
) (/usr/local/texlive/2017/texmf-dist/tex/generic/pgf/basiclayer/pgfcoreobjects.code.tex
File: pgfcoreobjects.code.tex 2006/10/11  (rcs-revision 1.2)
) (/usr/local/texlive/2017/texmf-dist/tex/generic/pgf/basiclayer/pgfcorepathprocessing.code.tex
File: pgfcorepathprocessing.code.tex 2013/09/09  (rcs-revision 1.9)
) (/usr/local/texlive/2017/texmf-dist/tex/generic/pgf/basiclayer/pgfcorearrows.code.tex
File: pgfcorearrows.code.tex 2015/05/14  (rcs-revision 1.43)
\pgfarrowsep=\dimen162
) (/usr/local/texlive/2017/texmf-dist/tex/generic/pgf/basiclayer/pgfcoreshade.code.tex
File: pgfcoreshade.code.tex 2013/07/15  (rcs-revision 1.15)
\pgf@max=\dimen163
\pgf@sys@shading@range@num=\count116
)
(/usr/local/texlive/2017/texmf-dist/tex/generic/pgf/basiclayer/pgfcoreimage.code.tex
File: pgfcoreimage.code.tex 2013/07/15  (rcs-revision 1.18)
 (/usr/local/texlive/2017/texmf-dist/tex/generic/pgf/basiclayer/pgfcoreexternal.code.tex
File: pgfcoreexternal.code.tex 2014/07/09  (rcs-revision 1.21)
\pgfexternal@startupbox=\box39
)) (/usr/local/texlive/2017/texmf-dist/tex/generic/pgf/basiclayer/pgfcorelayers.code.tex
File: pgfcorelayers.code.tex 2013/07/18  (rcs-revision 1.7)
) (/usr/local/texlive/2017/texmf-dist/tex/generic/pgf/basiclayer/pgfcoretransparency.code.tex
File: pgfcoretransparency.code.tex 2013/09/30  (rcs-revision 1.5)
) (/usr/local/texlive/2017/texmf-dist/tex/generic/pgf/basiclayer/pgfcorepatterns.code.tex
File: pgfcorepatterns.code.tex 2013/11/07  (rcs-revision 1.5)
))) (/usr/local/texlive/2017/texmf-dist/tex/latex/pgf/utilities/xxcolor.sty
Package: xxcolor 2003/10/24 ver 0.1
\XC@nummixins=\count117
\XC@countmixins=\count118
) (/usr/local/texlive/2017/texmf-dist/tex/generic/oberdiek/atbegshi.sty
Package: atbegshi 2016/06/09 v1.18 At begin shipout hook (HO)
) (/usr/local/texlive/2017/texmf-dist/tex/latex/hyperref/hyperref.sty
Package: hyperref 2017/03/14 v6.85a Hypertext links for LaTeX
 (/usr/local/texlive/2017/texmf-dist/tex/generic/oberdiek/hobsub-hyperref.sty
Package: hobsub-hyperref 2016/05/16 v1.14 Bundle oberdiek, subset hyperref (HO)
 (/usr/local/texlive/2017/texmf-dist/tex/generic/oberdiek/hobsub-generic.sty
Package: hobsub-generic 2016/05/16 v1.14 Bundle oberdiek, subset generic (HO)
Package: hobsub 2016/05/16 v1.14 Construct package bundles (HO)
Package hobsub Info: Skipping package `infwarerr' (already loaded).
Package hobsub Info: Skipping package `ltxcmds' (already loaded).
Package: ifluatex 2016/05/16 v1.4 Provides the ifluatex switch (HO)
Package ifluatex Info: LuaTeX not detected.
Package hobsub Info: Skipping package `ifvtex' (already loaded).
Package: intcalc 2016/05/16 v1.2 Expandable calculations with integers (HO)
Package hobsub Info: Skipping package `ifpdf' (already loaded).
Package: etexcmds 2016/05/16 v1.6 Avoid name clashes with e-TeX commands (HO)
Package etexcmds Info: Could not find \expanded.
(etexcmds)             That can mean that you are not using pdfTeX 1.50 or
(etexcmds)             that some package has redefined \expanded.
(etexcmds)             In the latter case, load this package earlier.
Package: kvsetkeys 2016/05/16 v1.17 Key value parser (HO)
Package: kvdefinekeys 2016/05/16 v1.4 Define keys (HO)
Package: pdftexcmds 2017/03/19 v0.25 Utility functions of pdfTeX for LuaTeX (HO)
Package pdftexcmds Info: LuaTeX not detected.
Package pdftexcmds Info: \pdf@primitive is available.
Package pdftexcmds Info: \pdf@ifprimitive is available.
Package pdftexcmds Info: \pdfdraftmode found.
Package: pdfescape 2016/05/16 v1.14 Implements pdfTeX's escape features (HO)
Package: bigintcalc 2016/05/16 v1.4 Expandable calculations on big integers (HO)
Package: bitset 2016/05/16 v1.2 Handle bit-vector datatype (HO)
Package: uniquecounter 2016/05/16 v1.3 Provide unlimited unique counter (HO)
)
Package hobsub Info: Skipping package `hobsub' (already loaded).
Package: letltxmacro 2016/05/16 v1.5 Let assignment for LaTeX macros (HO)
Package: hopatch 2016/05/16 v1.3 Wrapper for package hooks (HO)
Package: xcolor-patch 2016/05/16 xcolor patch
Package: atveryend 2016/05/16 v1.9 Hooks at the very end of document (HO)
Package hobsub Info: Skipping package `atbegshi' (already loaded).
Package: refcount 2016/05/16 v3.5 Data extraction from label references (HO)
Package: hycolor 2016/05/16 v1.8 Color options for hyperref/bookmark (HO)
) (/usr/local/texlive/2017/texmf-dist/tex/latex/oberdiek/auxhook.sty
Package: auxhook 2016/05/16 v1.4 Hooks for auxiliary files (HO)
) (/usr/local/texlive/2017/texmf-dist/tex/latex/oberdiek/kvoptions.sty
Package: kvoptions 2016/05/16 v3.12 Key value format for package options (HO)
)
\@linkdim=\dimen164
\Hy@linkcounter=\count119
\Hy@pagecounter=\count120

(/usr/local/texlive/2017/texmf-dist/tex/latex/hyperref/pd1enc.def
File: pd1enc.def 2017/03/14 v6.85a Hyperref: PDFDocEncoding definition (HO)
)
\Hy@SavedSpaceFactor=\count121
 (/usr/local/texlive/2017/texmf-dist/tex/latex/latexconfig/hyperref.cfg
File: hyperref.cfg 2002/06/06 v1.2 hyperref configuration of TeXLive
)
Package hyperref Info: Option `bookmarks' set `true' on input line 4374.
Package hyperref Info: Option `bookmarksopen' set `true' on input line 4374.
Package hyperref Info: Option `implicit' set `false' on input line 4374.
Package hyperref Info: Hyper figures OFF on input line 4498.
Package hyperref Info: Link nesting OFF on input line 4503.
Package hyperref Info: Hyper index ON on input line 4506.
Package hyperref Info: Plain pages OFF on input line 4513.
Package hyperref Info: Backreferencing OFF on input line 4518.
Package hyperref Info: Implicit mode OFF; no redefinition of LaTeX internals.
Package hyperref Info: Bookmarks ON on input line 4751.
\c@Hy@tempcnt=\count122
 (/usr/local/texlive/2017/texmf-dist/tex/latex/url/url.sty
\Urlmuskip=\muskip10
Package: url 2013/09/16  ver 3.4  Verb mode for urls, etc.
)
LaTeX Info: Redefining \url on input line 5104.
\XeTeXLinkMargin=\dimen165
\Fld@menulength=\count123
\Field@Width=\dimen166
\Fld@charsize=\dimen167
Package hyperref Info: Hyper figures OFF on input line 6358.
Package hyperref Info: Link nesting OFF on input line 6363.
Package hyperref Info: Hyper index ON on input line 6366.
Package hyperref Info: backreferencing OFF on input line 6373.
Package hyperref Info: Link coloring OFF on input line 6378.
Package hyperref Info: Link coloring with OCG OFF on input line 6383.
Package hyperref Info: PDF/A mode OFF on input line 6388.
LaTeX Info: Redefining \ref on input line 6428.
LaTeX Info: Redefining \pageref on input line 6432.
\Hy@abspage=\count124


Package hyperref Message: Stopped early.

)

Package hyperref Message: Driver (autodetected): hpdftex.

(/usr/local/texlive/2017/texmf-dist/tex/latex/hyperref/hpdftex.def
File: hpdftex.def 2017/03/14 v6.85a Hyperref driver for pdfTeX
\Fld@listcount=\count125
\c@bookmark@seq@number=\count126
 (/usr/local/texlive/2017/texmf-dist/tex/latex/oberdiek/rerunfilecheck.sty
Package: rerunfilecheck 2016/05/16 v1.8 Rerun checks for auxiliary files (HO)
Package uniquecounter Info: New unique counter `rerunfilecheck' on input line 282.
)) (/usr/local/texlive/2017/texmf-dist/tex/latex/beamer/beamerbaserequires.sty (/usr/local/texlive/2017/texmf-dist/tex/latex/beamer/beamerbasecompatibility.sty) (/usr/local/texlive/2017/texmf-dist/tex/latex/beamer/beamerbasefont.sty (/usr/local/texlive/2017/texmf-dist/tex/latex/amsfonts/amssymb.sty
Package: amssymb 2013/01/14 v3.01 AMS font symbols
 (/usr/local/texlive/2017/texmf-dist/tex/latex/amsfonts/amsfonts.sty
Package: amsfonts 2013/01/14 v3.01 Basic AMSFonts support
\@emptytoks=\toks26
\symAMSa=\mathgroup4
\symAMSb=\mathgroup5
LaTeX Font Info:    Overwriting math alphabet `\mathfrak' in version `bold'
(Font)                  U/euf/m/n --> U/euf/b/n on input line 106.
)) (/usr/local/texlive/2017/texmf-dist/tex/latex/sansmathaccent/sansmathaccent.sty
Package: sansmathaccent 2013/03/28
 (/usr/local/texlive/2017/texmf-dist/tex/latex/filehook/filehook.sty
Package: filehook 2011/10/12 v0.5d Hooks for input files
))) (/usr/local/texlive/2017/texmf-dist/tex/latex/beamer/beamerbasetranslator.sty (/usr/local/texlive/2017/texmf-dist/tex/latex/beamer/translator/translator.sty
Package: translator 2010/06/12 ver 1.10
 (/usr/local/texlive/2017/texmf-dist/tex/latex/beamer/translator/translator-language-mappings.tex))) (/usr/local/texlive/2017/texmf-dist/tex/latex/beamer/beamerbasemisc.sty)
(/usr/local/texlive/2017/texmf-dist/tex/latex/beamer/beamerbasetwoscreens.sty) (/usr/local/texlive/2017/texmf-dist/tex/latex/beamer/beamerbaseoverlay.sty
\beamer@argscount=\count127
\beamer@lastskipcover=\skip44
\beamer@trivlistdepth=\count128
) (/usr/local/texlive/2017/texmf-dist/tex/latex/beamer/beamerbasetitle.sty) (/usr/local/texlive/2017/texmf-dist/tex/latex/beamer/beamerbasesection.sty
\c@lecture=\count129
\c@part=\count130
\c@section=\count131
\c@subsection=\count132
\c@subsubsection=\count133
) (/usr/local/texlive/2017/texmf-dist/tex/latex/beamer/beamerbaseframe.sty
\beamer@framebox=\box40
\beamer@frametitlebox=\box41
\beamer@zoombox=\box42
\beamer@zoomcount=\count134
\beamer@zoomframecount=\count135
\beamer@frametextheight=\dimen168
\c@subsectionslide=\count136
\beamer@frametopskip=\skip45
\beamer@framebottomskip=\skip46
\beamer@frametopskipautobreak=\skip47
\beamer@framebottomskipautobreak=\skip48
\beamer@envbody=\toks27
\framewidth=\dimen169
\c@framenumber=\count137
) (/usr/local/texlive/2017/texmf-dist/tex/latex/beamer/beamerbaseverbatim.sty
\beamer@verbatimfileout=\write4
) (/usr/local/texlive/2017/texmf-dist/tex/latex/beamer/beamerbaseframesize.sty
\beamer@splitbox=\box43
\beamer@autobreakcount=\count138
\beamer@autobreaklastheight=\dimen170
\beamer@frametitletoks=\toks28
\beamer@framesubtitletoks=\toks29
) (/usr/local/texlive/2017/texmf-dist/tex/latex/beamer/beamerbaseframecomponents.sty
\beamer@footins=\box44
) (/usr/local/texlive/2017/texmf-dist/tex/latex/beamer/beamerbasecolor.sty) (/usr/local/texlive/2017/texmf-dist/tex/latex/beamer/beamerbasenotes.sty
\beamer@frameboxcopy=\box45
) (/usr/local/texlive/2017/texmf-dist/tex/latex/beamer/beamerbasetoc.sty) (/usr/local/texlive/2017/texmf-dist/tex/latex/beamer/beamerbasetemplates.sty
\beamer@sbttoks=\toks30
 (/usr/local/texlive/2017/texmf-dist/tex/latex/beamer/beamerbaseauxtemplates.sty
(/usr/local/texlive/2017/texmf-dist/tex/latex/beamer/beamerbaseboxes.sty
\bmb@box=\box46
\bmb@colorbox=\box47
\bmb@boxshadow=\box48
\bmb@boxshadowball=\box49
\bmb@boxshadowballlarge=\box50
\bmb@temp=\dimen171
\bmb@dima=\dimen172
\bmb@dimb=\dimen173
\bmb@prevheight=\dimen174
)
\beamer@blockheadheight=\dimen175
)) (/usr/local/texlive/2017/texmf-dist/tex/latex/beamer/beamerbaselocalstructure.sty (/usr/local/texlive/2017/texmf-dist/tex/latex/tools/enumerate.sty
Package: enumerate 2015/07/23 v3.00 enumerate extensions (DPC)
\@enLab=\toks31
)
\c@figure=\count139
\c@table=\count140
\abovecaptionskip=\skip49
\belowcaptionskip=\skip50
) (/usr/local/texlive/2017/texmf-dist/tex/latex/beamer/beamerbasenavigation.sty
\beamer@section@min@dim=\dimen176
) (/usr/local/texlive/2017/texmf-dist/tex/latex/beamer/beamerbasetheorems.sty (/usr/local/texlive/2017/texmf-dist/tex/latex/amsmath/amsmath.sty
Package: amsmath 2016/11/05 v2.16a AMS math features
\@mathmargin=\skip51

For additional information on amsmath, use the `?' option.
(/usr/local/texlive/2017/texmf-dist/tex/latex/amsmath/amstext.sty
Package: amstext 2000/06/29 v2.01 AMS text
 (/usr/local/texlive/2017/texmf-dist/tex/latex/amsmath/amsgen.sty
File: amsgen.sty 1999/11/30 v2.0 generic functions
\@emptytoks=\toks32
\ex@=\dimen177
)) (/usr/local/texlive/2017/texmf-dist/tex/latex/amsmath/amsbsy.sty
Package: amsbsy 1999/11/29 v1.2d Bold Symbols
\pmbraise@=\dimen178
) (/usr/local/texlive/2017/texmf-dist/tex/latex/amsmath/amsopn.sty
Package: amsopn 2016/03/08 v2.02 operator names
)
\inf@bad=\count141
LaTeX Info: Redefining \frac on input line 213.
\uproot@=\count142
\leftroot@=\count143
LaTeX Info: Redefining \overline on input line 375.
\classnum@=\count144
\DOTSCASE@=\count145
LaTeX Info: Redefining \ldots on input line 472.
LaTeX Info: Redefining \dots on input line 475.
LaTeX Info: Redefining \cdots on input line 596.
\Mathstrutbox@=\box51
\strutbox@=\box52
\big@size=\dimen179
LaTeX Font Info:    Redeclaring font encoding OML on input line 712.
LaTeX Font Info:    Redeclaring font encoding OMS on input line 713.
\macc@depth=\count146
\c@MaxMatrixCols=\count147
\dotsspace@=\muskip11
\c@parentequation=\count148
\dspbrk@lvl=\count149
\tag@help=\toks33
\row@=\count150
\column@=\count151
\maxfields@=\count152
\andhelp@=\toks34
\eqnshift@=\dimen180
\alignsep@=\dimen181
\tagshift@=\dimen182
\tagwidth@=\dimen183
\totwidth@=\dimen184
\lineht@=\dimen185
\@envbody=\toks35
\multlinegap=\skip52
\multlinetaggap=\skip53
\mathdisplay@stack=\toks36
LaTeX Info: Redefining \[ on input line 2817.
LaTeX Info: Redefining \] on input line 2818.
) (/usr/local/texlive/2017/texmf-dist/tex/latex/amscls/amsthm.sty
Package: amsthm 2015/03/04 v2.20.2
\thm@style=\toks37
\thm@bodyfont=\toks38
\thm@headfont=\toks39
\thm@notefont=\toks40
\thm@headpunct=\toks41
\thm@preskip=\skip54
\thm@postskip=\skip55
\thm@headsep=\skip56
\dth@everypar=\toks42
)
\c@theorem=\count153
) (/usr/local/texlive/2017/texmf-dist/tex/latex/beamer/beamerbasethemes.sty)) (/usr/local/texlive/2017/texmf-dist/tex/latex/beamer/themes/theme/beamerthemedefault.sty (/usr/local/texlive/2017/texmf-dist/tex/latex/beamer/themes/font/beamerfontthemedefault.sty) (/usr/local/texlive/2017/texmf-dist/tex/latex/beamer/themes/color/beamercolorthemedefault.sty) (/usr/local/texlive/2017/texmf-dist/tex/latex/beamer/themes/inner/beamerinnerthemedefault.sty
\beamer@dima=\dimen186
\beamer@dimb=\dimen187
) (/usr/local/texlive/2017/texmf-dist/tex/latex/beamer/themes/outer/beamerouterthemedefault.sty))) (/usr/local/texlive/2017/texmf-dist/tex/latex/fancybox/fancybox.sty
Package: fancybox 2010/05/15 1.4

Style option: `fancybox' v1.4 <2010/05/15> (tvz)
\@fancybox=\box53
\shadowsize=\dimen188
\@Sbox=\box54
\do@VerbBox=\toks43
\the@fancyput=\toks44
\this@fancyput=\toks45
\EndVerbatimTokens=\toks46
\Verbatim@Outfile=\write5
\Verbatim@Infile=\read2
) (/usr/local/texlive/2017/texmf-dist/tex/latex/beamer/multimedia/multimedia.sty
Package: multimedia 2012/05/02 ver 0.02
\mm@movie=\count154
) (/usr/local/texlive/2017/texmf-dist/tex/latex/animate/animate.sty
Package: animate 2017/05/18 PDF animations from files and inline graphics
 (/usr/local/texlive/2017/texmf-dist/tex/latex/xkeyval/xkeyval.sty
Package: xkeyval 2014/12/03 v2.7a package option processing (HA)
 (/usr/local/texlive/2017/texmf-dist/tex/generic/xkeyval/xkeyval.tex (/usr/local/texlive/2017/texmf-dist/tex/generic/xkeyval/xkvutils.tex
\XKV@toks=\toks47
\XKV@tempa@toks=\toks48
)
\XKV@depth=\count155
File: xkeyval.tex 2014/12/03 v2.7a key=value parser (HA)
)) (/usr/local/texlive/2017/texmf-dist/tex/latex/base/ifthen.sty
Package: ifthen 2014/09/29 v1.1c Standard LaTeX ifthen package (DPC)
) (/usr/local/texlive/2017/texmf-dist/tex/latex/oberdiek/ifdraft.sty
Package: ifdraft 2016/05/16 v1.4 Detect class options draft and final (HO)
) (/usr/local/texlive/2017/texmf-dist/tex/latex/tools/calc.sty
Package: calc 2014/10/28 v4.3 Infix arithmetic (KKT,FJ)
\calc@Acount=\count156
\calc@Bcount=\count157
\calc@Adimen=\dimen189
\calc@Bdimen=\dimen190
\calc@Askip=\skip57
\calc@Bskip=\skip58
LaTeX Info: Redefining \setlength on input line 80.
LaTeX Info: Redefining \addtolength on input line 81.
\calc@Ccount=\count158
\calc@Cskip=\skip59
) (/usr/local/texlive/2017/texmf-dist/tex/latex/media9/pdfbase.sty (/usr/local/texlive/2017/texmf-dist/tex/latex/l3kernel/expl3.sty
Package: expl3 2017/05/13 L3 programming layer (loader) 
 (/usr/local/texlive/2017/texmf-dist/tex/latex/l3kernel/expl3-code.tex
Package: expl3 2017/05/13 L3 programming layer (code)
\c_max_int=\count159
\l_tmpa_int=\count160
\l_tmpb_int=\count161
\g_tmpa_int=\count162
\g_tmpb_int=\count163
\g__prg_map_int=\count164
\c_log_iow=\count165
\l_iow_line_count_int=\count166
\l__iow_line_target_int=\count167
\l__iow_one_indent_int=\count168
\l__iow_indent_int=\count169
\c_zero_dim=\dimen191
\c_max_dim=\dimen192
\l_tmpa_dim=\dimen193
\l_tmpb_dim=\dimen194
\g_tmpa_dim=\dimen195
\g_tmpb_dim=\dimen196
\c_zero_skip=\skip60
\c_max_skip=\skip61
\l_tmpa_skip=\skip62
\l_tmpb_skip=\skip63
\g_tmpa_skip=\skip64
\g_tmpb_skip=\skip65
\c_zero_muskip=\muskip12
\c_max_muskip=\muskip13
\l_tmpa_muskip=\muskip14
\l_tmpb_muskip=\muskip15
\g_tmpa_muskip=\muskip16
\g_tmpb_muskip=\muskip17
\l_keys_choice_int=\count170
\c__fp_leading_shift_int=\count171
\c__fp_middle_shift_int=\count172
\c__fp_trailing_shift_int=\count173
\c__fp_big_leading_shift_int=\count174
\c__fp_big_middle_shift_int=\count175
\c__fp_big_trailing_shift_int=\count176
\c__fp_Bigg_leading_shift_int=\count177
\c__fp_Bigg_middle_shift_int=\count178
\c__fp_Bigg_trailing_shift_int=\count179
\c__fp_rand_size_int=\count180
\c__fp_rand_four_int=\count181
\c__fp_rand_eight_int=\count182
\l__sort_length_int=\count183
\l__sort_min_int=\count184
\l__sort_top_int=\count185
\l__sort_max_int=\count186
\l__sort_true_max_int=\count187
\l__sort_block_int=\count188
\l__sort_begin_int=\count189
\l__sort_end_int=\count190
\l__sort_A_int=\count191
\l__sort_B_int=\count192
\l__sort_C_int=\count193
\c_empty_box=\box55
\l_tmpa_box=\box56
\l_tmpb_box=\box57
\g_tmpa_box=\box58
\g_tmpb_box=\box59
\l__box_top_dim=\dimen197
\l__box_bottom_dim=\dimen198
\l__box_left_dim=\dimen199
\l__box_right_dim=\dimen256
\l__box_top_new_dim=\dimen257
\l__box_bottom_new_dim=\dimen258
\l__box_left_new_dim=\dimen259
\l__box_right_new_dim=\dimen260
\l__box_internal_box=\box60
\l__coffin_internal_box=\box61
\l__coffin_internal_dim=\dimen261
\l__coffin_offset_x_dim=\dimen262
\l__coffin_offset_y_dim=\dimen263
\l__coffin_x_dim=\dimen264
\l__coffin_y_dim=\dimen265
\l__coffin_x_prime_dim=\dimen266
\l__coffin_y_prime_dim=\dimen267
\c_empty_coffin=\box62
\l__coffin_aligned_coffin=\box63
\l__coffin_aligned_internal_coffin=\box64
\l_tmpa_coffin=\box65
\l_tmpb_coffin=\box66
\l__coffin_display_coffin=\box67
\l__coffin_display_coord_coffin=\box68
\l__coffin_display_pole_coffin=\box69
\l__coffin_display_offset_dim=\dimen268
\l__coffin_display_x_dim=\dimen269
\l__coffin_display_y_dim=\dimen270
\l__coffin_bounding_shift_dim=\dimen271
\l__coffin_left_corner_dim=\dimen272
\l__coffin_right_corner_dim=\dimen273
\l__coffin_bottom_corner_dim=\dimen274
\l__coffin_top_corner_dim=\dimen275
\l__coffin_scaled_total_height_dim=\dimen276
\l__coffin_scaled_width_dim=\dimen277
) (/usr/local/texlive/2017/texmf-dist/tex/latex/l3kernel/l3pdfmode.def
File: l3pdfmode.def 2017/03/18 v L3 Experimental driver: PDF mode
\l__driver_color_stack_int=\count194
\l__driver_tmp_box=\box70
)) (/usr/local/texlive/2017/texmf-dist/tex/latex/l3packages/l3keys2e/l3keys2e.sty
Package: l3keys2e 2017/05/13 LaTeX2e option processing using LaTeX3 keys
)
Package: pdfbase 2017/03/23 v0.14 driver independent access to low-level PDF features
\g_pbs_page_int=\count195
\g_pbs_oc_int=\count196
) (/usr/local/texlive/2017/texmf-dist/tex/latex/ocgx2/ocgbase.sty
Package: ocgbase 2017/03/30 v0.10 support package for ocgx2.sty
)
\@anim@box=\box71
\@anim@measbox=\box72
\@anim@tmpdima=\dimen278
\@anim@tmpdimb=\dimen279
\@anim@num=\count197
\@anim@curframe=\count198
\@anim@curframe@zb=\count199
\@anim@resizeflags=\count266
\@anim@skipfram=\count267
\@anim@mulframecnt=\count268
\@anim@@tmlnfile=\read3
\@anim@tmpcnt=\count269
\c@@anim@ltxcnt=\count270
\@anim@curlayer=\count271
\@anim@lineno=\count272
\@anim@curfield=\count273
\@anim@@resizeflags=\count274
)
(/usr/local/texlive/2017/texmf-dist/tex/latex/pgf/frontendlayer/tikz.sty (/usr/local/texlive/2017/texmf-dist/tex/latex/pgf/basiclayer/pgf.sty
Package: pgf 2015/08/07 v3.0.1a (rcs-revision 1.15)
 (/usr/local/texlive/2017/texmf-dist/tex/generic/pgf/modules/pgfmoduleshapes.code.tex
File: pgfmoduleshapes.code.tex 2014/03/21  (rcs-revision 1.35)
\pgfnodeparttextbox=\box73
) (/usr/local/texlive/2017/texmf-dist/tex/generic/pgf/modules/pgfmoduleplot.code.tex
File: pgfmoduleplot.code.tex 2015/08/03  (rcs-revision 1.13)
) (/usr/local/texlive/2017/texmf-dist/tex/latex/pgf/compatibility/pgfcomp-version-0-65.sty
Package: pgfcomp-version-0-65 2007/07/03 v3.0.1a (rcs-revision 1.7)
\pgf@nodesepstart=\dimen280
\pgf@nodesepend=\dimen281
) (/usr/local/texlive/2017/texmf-dist/tex/latex/pgf/compatibility/pgfcomp-version-1-18.sty
Package: pgfcomp-version-1-18 2007/07/23 v3.0.1a (rcs-revision 1.1)
)) (/usr/local/texlive/2017/texmf-dist/tex/latex/pgf/utilities/pgffor.sty (/usr/local/texlive/2017/texmf-dist/tex/latex/pgf/utilities/pgfkeys.sty (/usr/local/texlive/2017/texmf-dist/tex/generic/pgf/utilities/pgfkeys.code.tex)) (/usr/local/texlive/2017/texmf-dist/tex/latex/pgf/math/pgfmath.sty (/usr/local/texlive/2017/texmf-dist/tex/generic/pgf/math/pgfmath.code.tex)) (/usr/local/texlive/2017/texmf-dist/tex/generic/pgf/utilities/pgffor.code.tex
Package: pgffor 2013/12/13 v3.0.1a (rcs-revision 1.25)

(/usr/local/texlive/2017/texmf-dist/tex/generic/pgf/math/pgfmath.code.tex)
\pgffor@iter=\dimen282
\pgffor@skip=\dimen283
\pgffor@stack=\toks49
\pgffor@toks=\toks50
)) (/usr/local/texlive/2017/texmf-dist/tex/generic/pgf/frontendlayer/tikz/tikz.code.tex
Package: tikz 2015/08/07 v3.0.1a (rcs-revision 1.151)
 (/usr/local/texlive/2017/texmf-dist/tex/generic/pgf/libraries/pgflibraryplothandlers.code.tex
File: pgflibraryplothandlers.code.tex 2013/08/31 v3.0.1a (rcs-revision 1.20)
\pgf@plot@mark@count=\count275
\pgfplotmarksize=\dimen284
)
\tikz@lastx=\dimen285
\tikz@lasty=\dimen286
\tikz@lastxsaved=\dimen287
\tikz@lastysaved=\dimen288
\tikzleveldistance=\dimen289
\tikzsiblingdistance=\dimen290
\tikz@figbox=\box74
\tikz@figbox@bg=\box75
\tikz@tempbox=\box76
\tikz@tempbox@bg=\box77
\tikztreelevel=\count276
\tikznumberofchildren=\count277
\tikznumberofcurrentchild=\count278
\tikz@fig@count=\count279
 (/usr/local/texlive/2017/texmf-dist/tex/generic/pgf/modules/pgfmodulematrix.code.tex
File: pgfmodulematrix.code.tex 2013/09/17  (rcs-revision 1.8)
\pgfmatrixcurrentrow=\count280
\pgfmatrixcurrentcolumn=\count281
\pgf@matrix@numberofcolumns=\count282
)
\tikz@expandcount=\count283
 (/usr/local/texlive/2017/texmf-dist/tex/generic/pgf/frontendlayer/tikz/libraries/tikzlibrarytopaths.code.tex
File: tikzlibrarytopaths.code.tex 2008/06/17 v3.0.1a (rcs-revision 1.2)
))) (./beamerthemelunchmeeting.sty (./beamerinnerthemelunchmeeting.sty) (./beamerouterthemelunchmeeting.sty) (./beamercolorthemelunchmeeting.sty)) (./GM-180307.aux)
\openout1 = `GM-180307.aux'.

LaTeX Font Info:    Checking defaults for OML/cmm/m/it on input line 44.
LaTeX Font Info:    ... okay on input line 44.
LaTeX Font Info:    Checking defaults for T1/cmr/m/n on input line 44.
LaTeX Font Info:    ... okay on input line 44.
LaTeX Font Info:    Checking defaults for OT1/cmr/m/n on input line 44.
LaTeX Font Info:    ... okay on input line 44.
LaTeX Font Info:    Checking defaults for OMS/cmsy/m/n on input line 44.
LaTeX Font Info:    ... okay on input line 44.
LaTeX Font Info:    Checking defaults for OMX/cmex/m/n on input line 44.
LaTeX Font Info:    ... okay on input line 44.
LaTeX Font Info:    Checking defaults for U/cmr/m/n on input line 44.
LaTeX Font Info:    ... okay on input line 44.
LaTeX Font Info:    Checking defaults for PD1/pdf/m/n on input line 44.
LaTeX Font Info:    ... okay on input line 44.

*geometry* driver: auto-detecting
*geometry* detected driver: pdftex
*geometry* verbose mode - [ preamble ] result:
* driver: pdftex
* paper: custom
* layout: <same size as paper>
* layoutoffset:(h,v)=(0.0pt,0.0pt)
* modes: includehead includefoot 
* h-part:(L,W,R)=(14.22636pt, 321.51625pt, 28.45274pt)
* v-part:(T,H,B)=(0.0pt, 273.14662pt, 0.0pt)
* \paperwidth=364.19536pt
* \paperheight=273.14662pt
* \textwidth=321.51625pt
* \textheight=244.6939pt
* \oddsidemargin=-58.04362pt
* \evensidemargin=-58.04362pt
* \topmargin=-72.26999pt
* \headheight=14.22636pt
* \headsep=0.0pt
* \topskip=10.0pt
* \footskip=14.22636pt
* \marginparwidth=3.0pt
* \marginparsep=11.0pt
* \columnsep=10.0pt
* \skip\footins=9.0pt plus 4.0pt minus 2.0pt
* \hoffset=0.0pt
* \voffset=0.0pt
* \mag=1000
* \@twocolumnfalse
* \@twosidefalse
* \@mparswitchfalse
* \@reversemarginfalse
* (1in=72.27pt=25.4mm, 1cm=28.453pt)

(/usr/local/texlive/2017/texmf-dist/tex/context/base/mkii/supp-pdf.mkii
[Loading MPS to PDF converter (version 2006.09.02).]
\scratchcounter=\count284
\scratchdimen=\dimen291
\scratchbox=\box78
\nofMPsegments=\count285
\nofMParguments=\count286
\everyMPshowfont=\toks51
\MPscratchCnt=\count287
\MPscratchDim=\dimen292
\MPnumerator=\count288
\makeMPintoPDFobject=\count289
\everyMPtoPDFconversion=\toks52
) (/usr/local/texlive/2017/texmf-dist/tex/latex/oberdiek/epstopdf-base.sty
Package: epstopdf-base 2016/05/15 v2.6 Base part for package epstopdf
 (/usr/local/texlive/2017/texmf-dist/tex/latex/oberdiek/grfext.sty
Package: grfext 2016/05/16 v1.2 Manage graphics extensions (HO)
)
Package epstopdf-base Info: Redefining graphics rule for `.eps' on input line 438.
Package grfext Info: Graphics extension search list:
(grfext)             [.png,.pdf,.jpg,.mps,.jpeg,.jbig2,.jb2,.PNG,.PDF,.JPG,.JPEG,.JBIG2,.JB2,.eps]
(grfext)             \AppendGraphicsExtensions on input line 456.
 (/usr/local/texlive/2017/texmf-dist/tex/latex/latexconfig/epstopdf-sys.cfg
File: epstopdf-sys.cfg 2010/07/13 v1.3 Configuration of (r)epstopdf for TeX Live
)) ABD: EveryShipout initializing macros
\AtBeginShipoutBox=\box79
Package hyperref Info: Link coloring OFF on input line 44.
 (/usr/local/texlive/2017/texmf-dist/tex/latex/hyperref/nameref.sty
Package: nameref 2016/05/21 v2.44 Cross-referencing by name of section
 (/usr/local/texlive/2017/texmf-dist/tex/generic/oberdiek/gettitlestring.sty
Package: gettitlestring 2016/05/16 v1.5 Cleanup title references (HO)
)
\c@section@level=\count290
)
LaTeX Info: Redefining \ref on input line 44.
LaTeX Info: Redefining \pageref on input line 44.
LaTeX Info: Redefining \nameref on input line 44.
 (./GM-180307.out) (./GM-180307.out)
\@outlinefile=\write6
\openout6 = `GM-180307.out'.

LaTeX Font Info:    Overwriting symbol font `operators' in version `normal'
(Font)                  OT1/cmr/m/n --> OT1/cmss/m/n on input line 44.
LaTeX Font Info:    Overwriting symbol font `operators' in version `bold'
(Font)                  OT1/cmr/bx/n --> OT1/cmss/bx/n on input line 44.
\symnumbers=\mathgroup6
\sympureletters=\mathgroup7
LaTeX Font Info:    Overwriting math alphabet `\mathrm' in version `normal'
(Font)                  OT1/cmss/m/n --> OT1/cmr/m/n on input line 44.
LaTeX Font Info:    Redeclaring math alphabet \mathbf on input line 44.
LaTeX Font Info:    Overwriting math alphabet `\mathbf' in version `normal'
(Font)                  OT1/cmr/bx/n --> OT1/cmss/bx/n on input line 44.
LaTeX Font Info:    Overwriting math alphabet `\mathbf' in version `bold'
(Font)                  OT1/cmr/bx/n --> OT1/cmss/bx/n on input line 44.
LaTeX Font Info:    Redeclaring math alphabet \mathsf on input line 44.
LaTeX Font Info:    Overwriting math alphabet `\mathsf' in version `normal'
(Font)                  OT1/cmss/m/n --> OT1/cmss/m/n on input line 44.
LaTeX Font Info:    Overwriting math alphabet `\mathsf' in version `bold'
(Font)                  OT1/cmss/bx/n --> OT1/cmss/m/n on input line 44.
LaTeX Font Info:    Redeclaring math alphabet \mathit on input line 44.
LaTeX Font Info:    Overwriting math alphabet `\mathit' in version `normal'
(Font)                  OT1/cmr/m/it --> OT1/cmss/m/it on input line 44.
LaTeX Font Info:    Overwriting math alphabet `\mathit' in version `bold'
(Font)                  OT1/cmr/bx/it --> OT1/cmss/m/it on input line 44.
LaTeX Font Info:    Redeclaring math alphabet \mathtt on input line 44.
LaTeX Font Info:    Overwriting math alphabet `\mathtt' in version `normal'
(Font)                  OT1/cmtt/m/n --> OT1/cmtt/m/n on input line 44.
LaTeX Font Info:    Overwriting math alphabet `\mathtt' in version `bold'
(Font)                  OT1/cmtt/m/n --> OT1/cmtt/m/n on input line 44.
LaTeX Font Info:    Overwriting symbol font `numbers' in version `bold'
(Font)                  OT1/cmss/m/n --> OT1/cmss/bx/n on input line 44.
LaTeX Font Info:    Overwriting symbol font `pureletters' in version `bold'
(Font)                  OT1/cmss/m/it --> OT1/cmss/bx/it on input line 44.
LaTeX Font Info:    Overwriting math alphabet `\mathrm' in version `bold'
(Font)                  OT1/cmss/bx/n --> OT1/cmr/bx/n on input line 44.
LaTeX Font Info:    Overwriting math alphabet `\mathbf' in version `bold'
(Font)                  OT1/cmss/bx/n --> OT1/cmss/bx/n on input line 44.
LaTeX Font Info:    Overwriting math alphabet `\mathsf' in version `bold'
(Font)                  OT1/cmss/m/n --> OT1/cmss/bx/n on input line 44.
LaTeX Font Info:    Overwriting math alphabet `\mathit' in version `bold'
(Font)                  OT1/cmss/m/it --> OT1/cmss/bx/it on input line 44.
LaTeX Font Info:    Overwriting math alphabet `\mathtt' in version `bold'
(Font)                  OT1/cmtt/m/n --> OT1/cmtt/bx/n on input line 44.
LaTeX Font Info:    Redeclaring symbol font `pureletters' on input line 44.
LaTeX Font Info:    Overwriting symbol font `pureletters' in version `normal'
(Font)                  OT1/cmss/m/it --> OT1/mathkerncmss/m/sl on input line 44.
LaTeX Font Info:    Overwriting symbol font `pureletters' in version `bold'
(Font)                  OT1/cmss/bx/it --> OT1/mathkerncmss/m/sl on input line 44.
LaTeX Font Info:    Overwriting symbol font `pureletters' in version `bold'
(Font)                  OT1/mathkerncmss/m/sl --> OT1/mathkerncmss/bx/sl on input line 44.
 (/usr/local/texlive/2017/texmf-dist/tex/latex/beamer/translator/dicts/translator-basic-dictionary/translator-basic-dictionary-English.dict
Dictionary: translator-basic-dictionary, Language: English 
) (/usr/local/texlive/2017/texmf-dist/tex/latex/beamer/translator/dicts/translator-bibliography-dictionary/translator-bibliography-dictionary-English.dict
Dictionary: translator-bibliography-dictionary, Language: English 
) (/usr/local/texlive/2017/texmf-dist/tex/latex/beamer/translator/dicts/translator-environment-dictionary/translator-environment-dictionary-English.dict
Dictionary: translator-environment-dictionary, Language: English 
)
(/usr/local/texlive/2017/texmf-dist/tex/latex/beamer/translator/dicts/translator-months-dictionary/translator-months-dictionary-English.dict
Dictionary: translator-months-dictionary, Language: English 
) (/usr/local/texlive/2017/texmf-dist/tex/latex/beamer/translator/dicts/translator-numbers-dictionary/translator-numbers-dictionary-English.dict
Dictionary: translator-numbers-dictionary, Language: English 
) (/usr/local/texlive/2017/texmf-dist/tex/latex/beamer/translator/dicts/translator-theorem-dictionary/translator-theorem-dictionary-English.dict
Dictionary: translator-theorem-dictionary, Language: English 
)
LaTeX Info: Redefining \includegraphics on input line 44.
 (./GM-180307.nav)
LaTeX Font Info:    Try loading font information for U+msa on input line 49.
 (/usr/local/texlive/2017/texmf-dist/tex/latex/amsfonts/umsa.fd
File: umsa.fd 2013/01/14 v3.01 AMS symbols A
)
LaTeX Font Info:    Try loading font information for U+msb on input line 49.
 (/usr/local/texlive/2017/texmf-dist/tex/latex/amsfonts/umsb.fd
File: umsb.fd 2013/01/14 v3.01 AMS symbols B
)
LaTeX Font Info:    Try loading font information for OT1+mathkerncmss on input line 49.
 (/usr/local/texlive/2017/texmf-dist/tex/latex/sansmathaccent/ot1mathkerncmss.fd
File: ot1mathkerncmss.fd 2013/03/27 Fontinst v1.933 font definitions for OT1/mathkerncmss.
) <title2.pdf, id=18, 1027.83994pt x 770.88pt>
File: title2.pdf Graphic file (type pdf)
 <use title2.pdf>
Package pdftex.def Info: title2.pdf used on input line 49.
(pdftex.def)             Requested size: 364.20349pt x 273.14088pt.
 [1

{/usr/local/texlive/2017/texmf-var/fonts/map/pdftex/updmap/pdftex.map} <./title2.pdf>] <pics/ferrara.jpg, id=48, 308.352pt x 205.4877pt>
File: pics/ferrara.jpg Graphic file (type jpg)
 <use pics/ferrara.jpg>
Package pdftex.def Info: pics/ferrara.jpg used on input line 80.
(pdftex.def)             Requested size: 138.75711pt x 92.4686pt.
 <frame.pdf, id=49, 1026.83624pt x 769.87625pt>
File: frame.pdf Graphic file (type pdf)
 <use frame.pdf>
Package pdftex.def Info: frame.pdf used on input line 80.
(pdftex.def)             Requested size: 364.19255pt x 273.14938pt.
 [2

 <./frame.pdf> <./pics/ferrara.jpg>]
<pics/cibio.jpg, id=78, 843.15pt x 561.297pt>
File: pics/cibio.jpg Graphic file (type jpg)
 <use pics/cibio.jpg>
Package pdftex.def Info: pics/cibio.jpg used on input line 80.
(pdftex.def)             Requested size: 151.76045pt x 101.0291pt.
File: frame.pdf Graphic file (type pdf)
 <use frame.pdf>
Package pdftex.def Info: frame.pdf used on input line 80.
(pdftex.def)             Requested size: 364.19255pt x 273.14938pt.
 [3

 <./pics/cibio.jpg>] <pics/hubrecht.jpg, id=84, 1835.85875pt x 1084.05pt>
File: pics/hubrecht.jpg Graphic file (type jpg)
 <use pics/hubrecht.jpg>
Package pdftex.def Info: pics/hubrecht.jpg used on input line 80.
(pdftex.def)             Requested size: 146.87169pt x 86.72577pt.
File: frame.pdf Graphic file (type pdf)
 <use frame.pdf>
Package pdftex.def Info: frame.pdf used on input line 80.
(pdftex.def)             Requested size: 364.19255pt x 273.14938pt.
 [4

 <./pics/hubrecht.jpg>] <pics/scMultiOmics.png, id=90, 851.18pt x 757.83125pt>
File: pics/scMultiOmics.png Graphic file (type png)
 <use pics/scMultiOmics.png>
Package pdftex.def Info: pics/scMultiOmics.png used on input line 89.
(pdftex.def)             Requested size: 229.82166pt x 204.61717pt.

Overfull \vbox (13.30644pt too high) detected at line 89
 []

File: frame.pdf Graphic file (type pdf)
<use frame.pdf>
Package pdftex.def Info: frame.pdf used on input line 89.
(pdftex.def)             Requested size: 364.19255pt x 273.14938pt.
 [5

 <./pics/scMultiOmics.png>] <pics/scBS_tanay.png, id=98, 481.8pt x 553.06625pt>
File: pics/scBS_tanay.png Graphic file (type png)
 <use pics/scBS_tanay.png>
Package pdftex.def Info: pics/scBS_tanay.png used on input line 109.
(pdftex.def)             Requested size: 168.63252pt x 193.57608pt.

Overfull \hbox (23.9512pt too wide) in paragraph at lines 109--109
 [] 
 []

File: frame.pdf Graphic file (type pdf)
<use frame.pdf>
Package pdftex.def Info: frame.pdf used on input line 109.
(pdftex.def)             Requested size: 364.19255pt x 273.14938pt.
 [6

 <./pics/scBS_tanay.png>] <pics/purifiedDNA.png, id=105, 1243.64626pt x 743.77875pt>
File: pics/purifiedDNA.png Graphic file (type png)
 <use pics/purifiedDNA.png>
Package pdftex.def Info: pics/purifiedDNA.png used on input line 117.
(pdftex.def)             Requested size: 310.9108pt x 72.13348pt.
File: frame.pdf Graphic file (type pdf)
 <use frame.pdf>
Package pdftex.def Info: frame.pdf used on input line 117.
(pdftex.def)             Requested size: 364.19255pt x 273.14938pt.
 [7

 <./pics/purifiedDNA.png>] <pics/accessibility_covprofile.pdf, id=115, 952.55875pt x 770.88pt>
File: pics/accessibility_covprofile.pdf Graphic file (type pdf)
 <use pics/accessibility_covprofile.pdf>
Package pdftex.def Info: pics/accessibility_covprofile.pdf used on input line 130.
(pdftex.def)             Requested size: 238.1391pt x 192.71953pt.

Overfull \vbox (4.74211pt too high) detected at line 130
 []

File: frame.pdf Graphic file (type pdf)
<use frame.pdf>
Package pdftex.def Info: frame.pdf used on input line 130.
(pdftex.def)             Requested size: 364.19255pt x 273.14938pt.
 [8

 <./pics/accessibility_covprofile.pdf>]
File: pics/accessibility_covprofile.pdf Graphic file (type pdf)
 <use pics/accessibility_covprofile.pdf>
Package pdftex.def Info: pics/accessibility_covprofile.pdf used on input line 130.
(pdftex.def)             Requested size: 238.1391pt x 192.71953pt.

Overfull \vbox (4.74211pt too high) detected at line 130
 []

File: frame.pdf Graphic file (type pdf)
<use frame.pdf>
Package pdftex.def Info: frame.pdf used on input line 130.
(pdftex.def)             Requested size: 364.19255pt x 273.14938pt.
 [9

] <pics/wolf_reik_prot_preamp.png, id=136, 929.4725pt x 403.5075pt>
File: pics/wolf_reik_prot_preamp.png Graphic file (type png)
 <use pics/wolf_reik_prot_preamp.png>
Package pdftex.def Info: pics/wolf_reik_prot_preamp.png used on input line 137.
(pdftex.def)             Requested size: 325.32025pt x 141.22974pt.

Overfull \hbox (3.804pt too wide) in paragraph at lines 137--137
 [] 
 []

File: frame.pdf Graphic file (type pdf)
<use frame.pdf>
Package pdftex.def Info: frame.pdf used on input line 137.
(pdftex.def)             Requested size: 364.19255pt x 273.14938pt.
 [10

 <./pics/wolf_reik_prot_preamp.png>] <pics/ligationVSpriming_chr1_covprofile.pdf, id=142, 952.55875pt x 770.88pt>
File: pics/ligationVSpriming_chr1_covprofile.pdf Graphic file (type pdf)
 <use pics/ligationVSpriming_chr1_covprofile.pdf>
Package pdftex.def Info: pics/ligationVSpriming_chr1_covprofile.pdf used on input line 151.
(pdftex.def)             Requested size: 171.45317pt x 138.75241pt.
 <pics/biased_usage.pdf, id=143, 722.7pt x 505.89pt>
File: pics/biased_usage.pdf Graphic file (type pdf)
 <use pics/biased_usage.pdf>
Package pdftex.def Info: pics/biased_usage.pdf used on input line 151.
(pdftex.def)             Requested size: 216.81166pt x 74.94513pt.
File: frame.pdf Graphic file (type pdf)
 <use frame.pdf>
Package pdftex.def Info: frame.pdf used on input line 151.
(pdftex.def)             Requested size: 364.19255pt x 273.14938pt.
 [11

 <./pics/biased_usage.pdf> <./pics/ligationVSpriming_chr1_covprofile.pdf>] <pics/template_primer.png, id=170, 759.83875pt x 46.1725pt>
File: pics/template_primer.png Graphic file (type png)
 <use pics/template_primer.png>
Package pdftex.def Info: pics/template_primer.png used on input line 181.
(pdftex.def)             Requested size: 303.93011pt x 18.46866pt.
File: frame.pdf Graphic file (type pdf)
 <use frame.pdf>
Package pdftex.def Info: frame.pdf used on input line 181.
(pdftex.def)             Requested size: 364.19255pt x 273.14938pt.
 [12

 <./pics/template_primer.png>] <pics/occupancy_ab_amp_bigLabels.png, id=181, 686.565pt x 683.55376pt>
File: pics/occupancy_ab_amp_bigLabels.png Graphic file (type png)
 <use pics/occupancy_ab_amp_bigLabels.png>
Package pdftex.def Info: pics/occupancy_ab_amp_bigLabels.png used on input line 190.
(pdftex.def)             Requested size: 171.64082pt x 170.88802pt.
File: frame.pdf Graphic file (type pdf)
 <use frame.pdf>
Package pdftex.def Info: frame.pdf used on input line 190.
(pdftex.def)             Requested size: 364.19255pt x 273.14938pt.
 [13

 <./pics/occupancy_ab_amp_bigLabels.png>] <pics/mismatch_per_position_abs_L1.pdf, id=190, 952.55875pt x 770.88pt>
File: pics/mismatch_per_position_abs_L1.pdf Graphic file (type pdf)
 <use pics/mismatch_per_position_abs_L1.pdf>
Package pdftex.def Info: pics/mismatch_per_position_abs_L1.pdf used on input line 209.
(pdftex.def)             Requested size: 190.50838pt x 154.17326pt.

Overfull \hbox (14.75023pt too wide) in paragraph at lines 209--209
 [] 
 []

<pics/seqLogos_templ_ordBindingEvTempl.pdf, id=191, 428.60501pt x 475.84798pt>
File: pics/seqLogos_templ_ordBindingEvTempl.pdf Graphic file (type pdf)
 <use pics/seqLogos_templ_ordBindingEvTempl.pdf>
Package pdftex.def Info: pics/seqLogos_templ_ordBindingEvTempl.pdf used on input line 209.
(pdftex.def)             Requested size: 128.58249pt x 100.07603pt.
File: frame.pdf Graphic file (type pdf)
 <use frame.pdf>
Package pdftex.def Info: frame.pdf used on input line 209.
(pdftex.def)             Requested size: 364.19255pt x 273.14938pt.
 [14

 <./pics/seqLogos_templ_ordBindingEvTempl.pdf> <./pics/mismatch_per_position_abs_L1.pdf>]
File: pics/template_primer.png Graphic file (type png)
 <use pics/template_primer.png>
Package pdftex.def Info: pics/template_primer.png used on input line 239.
(pdftex.def)             Requested size: 227.95337pt x 13.85184pt.
File: frame.pdf Graphic file (type pdf)
 <use frame.pdf>
Package pdftex.def Info: frame.pdf used on input line 239.
(pdftex.def)             Requested size: 364.19255pt x 273.14938pt.
 [15

]
File: pics/template_primer.png Graphic file (type png)
 <use pics/template_primer.png>
Package pdftex.def Info: pics/template_primer.png used on input line 239.
(pdftex.def)             Requested size: 227.95337pt x 13.85184pt.
File: frame.pdf Graphic file (type pdf)
 <use frame.pdf>
Package pdftex.def Info: frame.pdf used on input line 239.
(pdftex.def)             Requested size: 364.19255pt x 273.14938pt.
 [16

]
File: pics/template_primer.png Graphic file (type png)
 <use pics/template_primer.png>
Package pdftex.def Info: pics/template_primer.png used on input line 239.
(pdftex.def)             Requested size: 227.95337pt x 13.85184pt.
File: frame.pdf Graphic file (type pdf)
 <use frame.pdf>
Package pdftex.def Info: frame.pdf used on input line 239.
(pdftex.def)             Requested size: 364.19255pt x 273.14938pt.
 [17

] <pics/counting-3.pdf, id=237, page=12, 722.7pt x 406.51875pt>
File: pics/counting-3.pdf Graphic file (type pdf)
 <use pics/counting-3.pdf, page 12>
Package pdftex.def Info: pics/counting-3.pdf, page12 used on input line 255.
(pdftex.def)             Requested size: 339.66904pt x 137.57265pt.
File: frame.pdf Graphic file (type pdf)
 <use frame.pdf>
Package pdftex.def Info: frame.pdf used on input line 255.
(pdftex.def)             Requested size: 364.19255pt x 273.14938pt.
 [18

 <./pics/counting-3.pdf>] <pics/counting-3.pdf, id=272, page=13, 722.7pt x 406.51875pt>
File: pics/counting-3.pdf Graphic file (type pdf)
 <use pics/counting-3.pdf, page 13>
Package pdftex.def Info: pics/counting-3.pdf, page13 used on input line 255.
(pdftex.def)             Requested size: 339.66904pt x 137.57265pt.
File: frame.pdf Graphic file (type pdf)
 <use frame.pdf>
Package pdftex.def Info: frame.pdf used on input line 255.
(pdftex.def)             Requested size: 364.19255pt x 273.14938pt.
 [19

 <./pics/counting-3.pdf>] <pics/counting-3.pdf, id=308, page=14, 722.7pt x 406.51875pt>
File: pics/counting-3.pdf Graphic file (type pdf)
 <use pics/counting-3.pdf, page 14>
Package pdftex.def Info: pics/counting-3.pdf, page14 used on input line 255.
(pdftex.def)             Requested size: 339.66904pt x 137.57265pt.
File: frame.pdf Graphic file (type pdf)
 <use frame.pdf>
Package pdftex.def Info: frame.pdf used on input line 255.
(pdftex.def)             Requested size: 364.19255pt x 273.14938pt.
 [20

 <./pics/counting-3.pdf>]
File: pics/counting-3.pdf Graphic file (type pdf)
 <use pics/counting-3.pdf, page 14>
Package pdftex.def Info: pics/counting-3.pdf, page14 used on input line 255.
(pdftex.def)             Requested size: 339.66904pt x 137.57265pt.
File: frame.pdf Graphic file (type pdf)
 <use frame.pdf>
Package pdftex.def Info: frame.pdf used on input line 255.
(pdftex.def)             Requested size: 364.19255pt x 273.14938pt.
 [21

] <pics/bs_model.png, id=351, 1188.44pt x 580.1675pt>
File: pics/bs_model.png Graphic file (type png)
 <use pics/bs_model.png>
Package pdftex.def Info: pics/bs_model.png used on input line 273.
(pdftex.def)             Requested size: 237.68379pt x 116.03143pt.
File: frame.pdf Graphic file (type pdf)
 <use frame.pdf>
Package pdftex.def Info: frame.pdf used on input line 273.
(pdftex.def)             Requested size: 364.19255pt x 273.14938pt.
 [22

 <./pics/bs_model.png>]
File: pics/bs_model.png Graphic file (type png)

<use pics/bs_model.png>
Package pdftex.def Info: pics/bs_model.png used on input line 273.
(pdftex.def)             Requested size: 237.68379pt x 116.03143pt.
File: frame.pdf Graphic file (type pdf)
 <use frame.pdf>
Package pdftex.def Info: frame.pdf used on input line 273.
(pdftex.def)             Requested size: 364.19255pt x 273.14938pt.
 [23

]
File: pics/bs_model.png Graphic file (type png)
 <use pics/bs_model.png>
Package pdftex.def Info: pics/bs_model.png used on input line 273.
(pdftex.def)             Requested size: 237.68379pt x 116.03143pt.
File: frame.pdf Graphic file (type pdf)
 <use frame.pdf>
Package pdftex.def Info: frame.pdf used on input line 273.
(pdftex.def)             Requested size: 364.19255pt x 273.14938pt.
 [24

]
File: pics/bs_model.png Graphic file (type png)
 <use pics/bs_model.png>
Package pdftex.def Info: pics/bs_model.png used on input line 273.
(pdftex.def)             Requested size: 237.68379pt x 116.03143pt.
File: frame.pdf Graphic file (type pdf)
 <use frame.pdf>
Package pdftex.def Info: frame.pdf used on input line 273.
(pdftex.def)             Requested size: 364.19255pt x 273.14938pt.
 [25

] <pics/BScorrelation_deltaG_R1.pdf, id=374, 770.88pt x 610.28pt>
File: pics/BScorrelation_deltaG_R1.pdf Graphic file (type pdf)
 <use pics/BScorrelation_deltaG_R1.pdf>
Package pdftex.def Info: pics/BScorrelation_deltaG_R1.pdf used on input line 280.
(pdftex.def)             Requested size: 269.81204pt x 213.6012pt.
File: frame.pdf Graphic file (type pdf)
 <use frame.pdf>
Package pdftex.def Info: frame.pdf used on input line 280.
(pdftex.def)             Requested size: 364.19255pt x 273.14938pt.
 [26

 <./pics/BScorrelation_deltaG_R1.pdf>] <pics/predBsVSnnmodel_noC_strandSpecific.pdf, id=400, 770.88pt x 609.27625pt>
File: pics/predBsVSnnmodel_noC_strandSpecific.pdf Graphic file (type pdf)
 <use pics/predBsVSnnmodel_noC_strandSpecific.pdf>
Package pdftex.def Info: pics/predBsVSnnmodel_noC_strandSpecific.pdf used on input line 295.
(pdftex.def)             Requested size: 208.14038pt x 164.50677pt.

Overfull \vbox (1.29504pt too high) detected at line 295
 []

File: frame.pdf Graphic file (type pdf)
<use frame.pdf>
Package pdftex.def Info: frame.pdf used on input line 295.
(pdftex.def)             Requested size: 364.19255pt x 273.14938pt.
 [27

 <./pics/predBsVSnnmodel_noC_strandSpecific.pdf>]
File: pics/predBsVSnnmodel_noC_strandSpecific.pdf Graphic file (type pdf)
 <use pics/predBsVSnnmodel_noC_strandSpecific.pdf>
Package pdftex.def Info: pics/predBsVSnnmodel_noC_strandSpecific.pdf used on input line 295.
(pdftex.def)             Requested size: 208.14038pt x 164.50677pt.

Overfull \vbox (1.29504pt too high) detected at line 295
 []

File: frame.pdf Graphic file (type pdf)
<use frame.pdf>
Package pdftex.def Info: frame.pdf used on input line 295.
(pdftex.def)             Requested size: 364.19255pt x 273.14938pt.
 [28

] <pics/predictedCov_VAN1815_L2_pooledVAN1667.pdf, id=417, 687.56876pt x 495.8525pt>
File: pics/predictedCov_VAN1815_L2_pooledVAN1667.pdf Graphic file (type pdf)
 <use pics/predictedCov_VAN1815_L2_pooledVAN1667.pdf>
Package pdftex.def Info: pics/predictedCov_VAN1815_L2_pooledVAN1667.pdf used on input line 309.
(pdftex.def)             Requested size: 240.65266pt x 173.55096pt.
File: frame.pdf Graphic file (type pdf)
 <use frame.pdf>
Package pdftex.def Info: frame.pdf used on input line 309.
(pdftex.def)             Requested size: 364.19255pt x 273.14938pt.
 [29

 <./pics/predictedCov_VAN1815_L2_pooledVAN1667.pdf>]
File: pics/predictedCov_VAN1815_L2_pooledVAN1667.pdf Graphic file (type pdf)
 <use pics/predictedCov_VAN1815_L2_pooledVAN1667.pdf>
Package pdftex.def Info: pics/predictedCov_VAN1815_L2_pooledVAN1667.pdf used on input line 309.
(pdftex.def)             Requested size: 240.65266pt x 173.55096pt.
File: frame.pdf Graphic file (type pdf)
 <use frame.pdf>
Package pdftex.def Info: frame.pdf used on input line 309.
(pdftex.def)             Requested size: 364.19255pt x 273.14938pt.
 [30

] <pics/strand_specific_artcov.png, id=434, 1927.2pt x 1204.5pt>
File: pics/strand_specific_artcov.png Graphic file (type png)
 <use pics/strand_specific_artcov.png>
Package pdftex.def Info: pics/strand_specific_artcov.png used on input line 325.
(pdftex.def)             Requested size: 289.06754pt x 82.50943pt.
 <pics/predVSexperimental_boxplot.pdf, id=436, 838.13126pt x 609.27625pt>
File: pics/predVSexperimental_boxplot.pdf Graphic file (type pdf)
 <use pics/predVSexperimental_boxplot.pdf>
Package pdftex.def Info: pics/predVSexperimental_boxplot.pdf used on input line 325.
(pdftex.def)             Requested size: 167.62328pt x 121.85309pt.
File: frame.pdf Graphic file (type pdf)
 <use frame.pdf>
Package pdftex.def Info: frame.pdf used on input line 325.
(pdftex.def)             Requested size: 364.19255pt x 273.14938pt.
 [31

 <./pics/strand_specific_artcov.png> <./pics/predVSexperimental_boxplot.pdf>]
File: pics/strand_specific_artcov.png Graphic file (type png)
 <use pics/strand_specific_artcov.png>
Package pdftex.def Info: pics/strand_specific_artcov.png used on input line 325.
(pdftex.def)             Requested size: 289.06754pt x 82.50943pt.
File: pics/predVSexperimental_boxplot.pdf Graphic file (type pdf)
 <use pics/predVSexperimental_boxplot.pdf>
Package pdftex.def Info: pics/predVSexperimental_boxplot.pdf used on input line 325.
(pdftex.def)             Requested size: 167.62328pt x 121.85309pt.
File: frame.pdf Graphic file (type pdf)
 <use frame.pdf>
Package pdftex.def Info: frame.pdf used on input line 325.
(pdftex.def)             Requested size: 364.19255pt x 273.14938pt.
 [32

] <pics/DE_iter-1.png, id=460, 481.8pt x 481.8pt>
File: pics/DE_iter-1.png Graphic file (type png)
 <use pics/DE_iter-1.png>
Package pdftex.def Info: pics/DE_iter-1.png used on input line 346.
(pdftex.def)             Requested size: 481.79881pt x 481.79881pt.
 <./pics/DE_iter-1.png> <a0,fr0> <pics/DE_iter-2.png, id=469, 481.8pt x 481.8pt>
File: pics/DE_iter-2.png Graphic file (type png)
 <use pics/DE_iter-2.png>
Package pdftex.def Info: pics/DE_iter-2.png used on input line 346.
(pdftex.def)             Requested size: 481.79881pt x 481.79881pt.
 <./pics/DE_iter-2.png> <a0,fr1> <pics/DE_iter-3.png, id=479, 481.8pt x 481.8pt>
File: pics/DE_iter-3.png Graphic file (type png)
 <use pics/DE_iter-3.png>
Package pdftex.def Info: pics/DE_iter-3.png used on input line 346.
(pdftex.def)             Requested size: 481.79881pt x 481.79881pt.
 <./pics/DE_iter-3.png> <a0,fr2> <pics/DE_iter-4.png, id=488, 481.8pt x 481.8pt>
File: pics/DE_iter-4.png Graphic file (type png)
 <use pics/DE_iter-4.png>
Package pdftex.def Info: pics/DE_iter-4.png used on input line 346.
(pdftex.def)             Requested size: 481.79881pt x 481.79881pt.
 <./pics/DE_iter-4.png> <a0,fr3> <pics/DE_iter-5.png, id=497, 481.8pt x 481.8pt>
File: pics/DE_iter-5.png Graphic file (type png)
 <use pics/DE_iter-5.png>
Package pdftex.def Info: pics/DE_iter-5.png used on input line 346.
(pdftex.def)             Requested size: 481.79881pt x 481.79881pt.
 <./pics/DE_iter-5.png> <a0,fr4> <pics/DE_iter-6.png, id=506, 481.8pt x 481.8pt>
File: pics/DE_iter-6.png Graphic file (type png)
 <use pics/DE_iter-6.png>
Package pdftex.def Info: pics/DE_iter-6.png used on input line 346.
(pdftex.def)             Requested size: 481.79881pt x 481.79881pt.
 <./pics/DE_iter-6.png> <a0,fr5> <pics/DE_iter-7.png, id=515, 481.8pt x 481.8pt>
File: pics/DE_iter-7.png Graphic file (type png)
 <use pics/DE_iter-7.png>
Package pdftex.def Info: pics/DE_iter-7.png used on input line 346.
(pdftex.def)             Requested size: 481.79881pt x 481.79881pt.
 <./pics/DE_iter-7.png> <a0,fr6> <pics/DE_iter-8.png, id=524, 481.8pt x 481.8pt>
File: pics/DE_iter-8.png Graphic file (type png)
 <use pics/DE_iter-8.png>
Package pdftex.def Info: pics/DE_iter-8.png used on input line 346.
(pdftex.def)             Requested size: 481.79881pt x 481.79881pt.
 <./pics/DE_iter-8.png> <a0,fr7> <pics/DE_iter-9.png, id=533, 481.8pt x 481.8pt>
File: pics/DE_iter-9.png Graphic file (type png)
 <use pics/DE_iter-9.png>
Package pdftex.def Info: pics/DE_iter-9.png used on input line 346.
(pdftex.def)             Requested size: 481.79881pt x 481.79881pt.
 <./pics/DE_iter-9.png> <a0,fr8> <pics/DE_iter-10.png, id=542, 481.8pt x 481.8pt>
File: pics/DE_iter-10.png Graphic file (type png)
 <use pics/DE_iter-10.png>
Package pdftex.def Info: pics/DE_iter-10.png used on input line 346.
(pdftex.def)             Requested size: 481.79881pt x 481.79881pt.
 <./pics/DE_iter-10.png> <a0,fr9> <pics/DE_iter-11.png, id=551, 481.8pt x 481.8pt>
File: pics/DE_iter-11.png Graphic file (type png)
 <use pics/DE_iter-11.png>
Package pdftex.def Info: pics/DE_iter-11.png used on input line 346.
(pdftex.def)             Requested size: 481.79881pt x 481.79881pt.
 <./pics/DE_iter-11.png> <a0,fr10> <pics/DE_iter-12.png, id=560, 481.8pt x 481.8pt>
File: pics/DE_iter-12.png Graphic file (type png)
 <use pics/DE_iter-12.png>
Package pdftex.def Info: pics/DE_iter-12.png used on input line 346.
(pdftex.def)             Requested size: 481.79881pt x 481.79881pt.
 <./pics/DE_iter-12.png> <a0,fr11>
<pics/DE_iter-13.png, id=569, 481.8pt x 481.8pt>
File: pics/DE_iter-13.png Graphic file (type png)
 <use pics/DE_iter-13.png>
Package pdftex.def Info: pics/DE_iter-13.png used on input line 346.
(pdftex.def)             Requested size: 481.79881pt x 481.79881pt.
 <./pics/DE_iter-13.png> <a0,fr12> <pics/DE_iter-14.png, id=578, 481.8pt x 481.8pt>
File: pics/DE_iter-14.png Graphic file (type png)
 <use pics/DE_iter-14.png>
Package pdftex.def Info: pics/DE_iter-14.png used on input line 346.
(pdftex.def)             Requested size: 481.79881pt x 481.79881pt.
 <./pics/DE_iter-14.png> <a0,fr13> <pics/DE_iter-15.png, id=587, 481.8pt x 481.8pt>
File: pics/DE_iter-15.png Graphic file (type png)
 <use pics/DE_iter-15.png>
Package pdftex.def Info: pics/DE_iter-15.png used on input line 346.
(pdftex.def)             Requested size: 481.79881pt x 481.79881pt.
 <./pics/DE_iter-15.png> <a0,fr14> <pics/DE_iter-16.png, id=596, 481.8pt x 481.8pt>
File: pics/DE_iter-16.png Graphic file (type png)
 <use pics/DE_iter-16.png>
Package pdftex.def Info: pics/DE_iter-16.png used on input line 346.
(pdftex.def)             Requested size: 481.79881pt x 481.79881pt.
 <./pics/DE_iter-16.png> <a0,fr15> <pics/DE_iter-17.png, id=605, 481.8pt x 481.8pt>
File: pics/DE_iter-17.png Graphic file (type png)
 <use pics/DE_iter-17.png>
Package pdftex.def Info: pics/DE_iter-17.png used on input line 346.
(pdftex.def)             Requested size: 481.79881pt x 481.79881pt.
 <./pics/DE_iter-17.png> <a0,fr16> <pics/DE_iter-18.png, id=614, 481.8pt x 481.8pt>
File: pics/DE_iter-18.png Graphic file (type png)
 <use pics/DE_iter-18.png>
Package pdftex.def Info: pics/DE_iter-18.png used on input line 346.
(pdftex.def)             Requested size: 481.79881pt x 481.79881pt.
 <./pics/DE_iter-18.png> <a0,fr17> <pics/DE_iter-19.png, id=623, 481.8pt x 481.8pt>
File: pics/DE_iter-19.png Graphic file (type png)
 <use pics/DE_iter-19.png>
Package pdftex.def Info: pics/DE_iter-19.png used on input line 346.
(pdftex.def)             Requested size: 481.79881pt x 481.79881pt.
 <./pics/DE_iter-19.png> <a0,fr18> <pics/DE_iter-20.png, id=632, 481.8pt x 481.8pt>
File: pics/DE_iter-20.png Graphic file (type png)
 <use pics/DE_iter-20.png>
Package pdftex.def Info: pics/DE_iter-20.png used on input line 346.
(pdftex.def)             Requested size: 481.79881pt x 481.79881pt.
 <./pics/DE_iter-20.png> <a0,fr19> <pics/DE_iter-21.png, id=641, 481.8pt x 481.8pt>
File: pics/DE_iter-21.png Graphic file (type png)
 <use pics/DE_iter-21.png>
Package pdftex.def Info: pics/DE_iter-21.png used on input line 346.
(pdftex.def)             Requested size: 481.79881pt x 481.79881pt.
 <./pics/DE_iter-21.png> <a0,fr20>
<pics/DE_iter-22.png, id=650, 481.8pt x 481.8pt>
File: pics/DE_iter-22.png Graphic file (type png)
 <use pics/DE_iter-22.png>
Package pdftex.def Info: pics/DE_iter-22.png used on input line 346.
(pdftex.def)             Requested size: 481.79881pt x 481.79881pt.
 <./pics/DE_iter-22.png> <a0,fr21> <pics/DE_iter-23.png, id=659, 481.8pt x 481.8pt>
File: pics/DE_iter-23.png Graphic file (type png)
 <use pics/DE_iter-23.png>
Package pdftex.def Info: pics/DE_iter-23.png used on input line 346.
(pdftex.def)             Requested size: 481.79881pt x 481.79881pt.
 <./pics/DE_iter-23.png> <a0,fr22> <pics/DE_iter-24.png, id=668, 481.8pt x 481.8pt>
File: pics/DE_iter-24.png Graphic file (type png)
 <use pics/DE_iter-24.png>
Package pdftex.def Info: pics/DE_iter-24.png used on input line 346.
(pdftex.def)             Requested size: 481.79881pt x 481.79881pt.
 <./pics/DE_iter-24.png> <a0,fr23> <pics/DE_iter-25.png, id=677, 481.8pt x 481.8pt>
File: pics/DE_iter-25.png Graphic file (type png)
 <use pics/DE_iter-25.png>
Package pdftex.def Info: pics/DE_iter-25.png used on input line 346.
(pdftex.def)             Requested size: 481.79881pt x 481.79881pt.
 <./pics/DE_iter-25.png> <a0,fr24> <pics/DE_iter-26.png, id=686, 481.8pt x 481.8pt>
File: pics/DE_iter-26.png Graphic file (type png)
 <use pics/DE_iter-26.png>
Package pdftex.def Info: pics/DE_iter-26.png used on input line 346.
(pdftex.def)             Requested size: 481.79881pt x 481.79881pt.
 <./pics/DE_iter-26.png> <a0,fr25> <pics/DE_iter-27.png, id=695, 481.8pt x 481.8pt>
File: pics/DE_iter-27.png Graphic file (type png)
 <use pics/DE_iter-27.png>
Package pdftex.def Info: pics/DE_iter-27.png used on input line 346.
(pdftex.def)             Requested size: 481.79881pt x 481.79881pt.
 <./pics/DE_iter-27.png> <a0,fr26> <pics/DE_iter-28.png, id=704, 481.8pt x 481.8pt>
File: pics/DE_iter-28.png Graphic file (type png)
 <use pics/DE_iter-28.png>
Package pdftex.def Info: pics/DE_iter-28.png used on input line 346.
(pdftex.def)             Requested size: 481.79881pt x 481.79881pt.
 <./pics/DE_iter-28.png> <a0,fr27> <pics/DE_iter-29.png, id=713, 481.8pt x 481.8pt>
File: pics/DE_iter-29.png Graphic file (type png)
 <use pics/DE_iter-29.png>
Package pdftex.def Info: pics/DE_iter-29.png used on input line 346.
(pdftex.def)             Requested size: 481.79881pt x 481.79881pt.
 <./pics/DE_iter-29.png> <a0,fr28> <pics/DE_iter-30.png, id=722, 481.8pt x 481.8pt>
File: pics/DE_iter-30.png Graphic file (type png)
 <use pics/DE_iter-30.png>
Package pdftex.def Info: pics/DE_iter-30.png used on input line 346.
(pdftex.def)             Requested size: 481.79881pt x 481.79881pt.
 <./pics/DE_iter-30.png> <a0,fr29>
<pics/DE_iter-31.png, id=731, 481.8pt x 481.8pt>
File: pics/DE_iter-31.png Graphic file (type png)
 <use pics/DE_iter-31.png>
Package pdftex.def Info: pics/DE_iter-31.png used on input line 346.
(pdftex.def)             Requested size: 481.79881pt x 481.79881pt.
 <./pics/DE_iter-31.png> <a0,fr30> <pics/DE_iter-32.png, id=740, 481.8pt x 481.8pt>
File: pics/DE_iter-32.png Graphic file (type png)
 <use pics/DE_iter-32.png>
Package pdftex.def Info: pics/DE_iter-32.png used on input line 346.
(pdftex.def)             Requested size: 481.79881pt x 481.79881pt.
 <./pics/DE_iter-32.png> <a0,fr31> <pics/DE_iter-33.png, id=749, 481.8pt x 481.8pt>
File: pics/DE_iter-33.png Graphic file (type png)
 <use pics/DE_iter-33.png>
Package pdftex.def Info: pics/DE_iter-33.png used on input line 346.
(pdftex.def)             Requested size: 481.79881pt x 481.79881pt.
 <./pics/DE_iter-33.png> <a0,fr32> <pics/DE_iter-34.png, id=758, 481.8pt x 481.8pt>
File: pics/DE_iter-34.png Graphic file (type png)
 <use pics/DE_iter-34.png>
Package pdftex.def Info: pics/DE_iter-34.png used on input line 346.
(pdftex.def)             Requested size: 481.79881pt x 481.79881pt.
 <./pics/DE_iter-34.png> <a0,fr33> <pics/DE_iter-35.png, id=767, 481.8pt x 481.8pt>
File: pics/DE_iter-35.png Graphic file (type png)
 <use pics/DE_iter-35.png>
Package pdftex.def Info: pics/DE_iter-35.png used on input line 346.
(pdftex.def)             Requested size: 481.79881pt x 481.79881pt.
 <./pics/DE_iter-35.png> <a0,fr34> <pics/DE_iter-36.png, id=777, 481.8pt x 481.8pt>
File: pics/DE_iter-36.png Graphic file (type png)
 <use pics/DE_iter-36.png>
Package pdftex.def Info: pics/DE_iter-36.png used on input line 346.
(pdftex.def)             Requested size: 481.79881pt x 481.79881pt.
 <./pics/DE_iter-36.png> <a0,fr35> <pics/DE_iter-37.png, id=786, 481.8pt x 481.8pt>
File: pics/DE_iter-37.png Graphic file (type png)
 <use pics/DE_iter-37.png>
Package pdftex.def Info: pics/DE_iter-37.png used on input line 346.
(pdftex.def)             Requested size: 481.79881pt x 481.79881pt.
 <./pics/DE_iter-37.png> <a0,fr36> <pics/DE_iter-38.png, id=795, 481.8pt x 481.8pt>
File: pics/DE_iter-38.png Graphic file (type png)
 <use pics/DE_iter-38.png>
Package pdftex.def Info: pics/DE_iter-38.png used on input line 346.
(pdftex.def)             Requested size: 481.79881pt x 481.79881pt.
 <./pics/DE_iter-38.png> <a0,fr37> <pics/DE_iter-39.png, id=804, 481.8pt x 481.8pt>
File: pics/DE_iter-39.png Graphic file (type png)
 <use pics/DE_iter-39.png>
Package pdftex.def Info: pics/DE_iter-39.png used on input line 346.
(pdftex.def)             Requested size: 481.79881pt x 481.79881pt.
 <./pics/DE_iter-39.png> <a0,fr38>
<pics/DE_iter-40.png, id=813, 481.8pt x 481.8pt>
File: pics/DE_iter-40.png Graphic file (type png)
 <use pics/DE_iter-40.png>
Package pdftex.def Info: pics/DE_iter-40.png used on input line 346.
(pdftex.def)             Requested size: 481.79881pt x 481.79881pt.
 <./pics/DE_iter-40.png> <a0,fr39> <pics/DE_iter-41.png, id=822, 481.8pt x 481.8pt>
File: pics/DE_iter-41.png Graphic file (type png)
 <use pics/DE_iter-41.png>
Package pdftex.def Info: pics/DE_iter-41.png used on input line 346.
(pdftex.def)             Requested size: 481.79881pt x 481.79881pt.
 <./pics/DE_iter-41.png> <a0,fr40> <pics/DE_iter-42.png, id=831, 481.8pt x 481.8pt>
File: pics/DE_iter-42.png Graphic file (type png)
 <use pics/DE_iter-42.png>
Package pdftex.def Info: pics/DE_iter-42.png used on input line 346.
(pdftex.def)             Requested size: 481.79881pt x 481.79881pt.
 <./pics/DE_iter-42.png> <a0,fr41> <pics/DE_iter-43.png, id=840, 481.8pt x 481.8pt>
File: pics/DE_iter-43.png Graphic file (type png)
 <use pics/DE_iter-43.png>
Package pdftex.def Info: pics/DE_iter-43.png used on input line 346.
(pdftex.def)             Requested size: 481.79881pt x 481.79881pt.
 <./pics/DE_iter-43.png> <a0,fr42> <pics/DE_iter-44.png, id=849, 481.8pt x 481.8pt>
File: pics/DE_iter-44.png Graphic file (type png)
 <use pics/DE_iter-44.png>
Package pdftex.def Info: pics/DE_iter-44.png used on input line 346.
(pdftex.def)             Requested size: 481.79881pt x 481.79881pt.
 <./pics/DE_iter-44.png> <a0,fr43> <pics/DE_iter-45.png, id=858, 481.8pt x 481.8pt>
File: pics/DE_iter-45.png Graphic file (type png)
 <use pics/DE_iter-45.png>
Package pdftex.def Info: pics/DE_iter-45.png used on input line 346.
(pdftex.def)             Requested size: 481.79881pt x 481.79881pt.
 <./pics/DE_iter-45.png> <a0,fr44> <pics/DE_iter-46.png, id=867, 481.8pt x 481.8pt>
File: pics/DE_iter-46.png Graphic file (type png)
 <use pics/DE_iter-46.png>
Package pdftex.def Info: pics/DE_iter-46.png used on input line 346.
(pdftex.def)             Requested size: 481.79881pt x 481.79881pt.
 <./pics/DE_iter-46.png> <a0,fr45> <pics/DE_iter-47.png, id=876, 481.8pt x 481.8pt>
File: pics/DE_iter-47.png Graphic file (type png)
 <use pics/DE_iter-47.png>
Package pdftex.def Info: pics/DE_iter-47.png used on input line 346.
(pdftex.def)             Requested size: 481.79881pt x 481.79881pt.
 <./pics/DE_iter-47.png> <a0,fr46> <pics/DE_iter-48.png, id=885, 481.8pt x 481.8pt>
File: pics/DE_iter-48.png Graphic file (type png)
 <use pics/DE_iter-48.png>
Package pdftex.def Info: pics/DE_iter-48.png used on input line 346.
(pdftex.def)             Requested size: 481.79881pt x 481.79881pt.
 <./pics/DE_iter-48.png> <a0,fr47>
<pics/DE_iter-49.png, id=894, 481.8pt x 481.8pt>
File: pics/DE_iter-49.png Graphic file (type png)
 <use pics/DE_iter-49.png>
Package pdftex.def Info: pics/DE_iter-49.png used on input line 346.
(pdftex.def)             Requested size: 481.79881pt x 481.79881pt.
 <./pics/DE_iter-49.png> <a0,fr48> <pics/DE_iter-50.png, id=903, 481.8pt x 481.8pt>
File: pics/DE_iter-50.png Graphic file (type png)
 <use pics/DE_iter-50.png>
Package pdftex.def Info: pics/DE_iter-50.png used on input line 346.
(pdftex.def)             Requested size: 481.79881pt x 481.79881pt.
 <./pics/DE_iter-50.png> <a0,fr49> <pics/DE_iter-51.png, id=912, 481.8pt x 481.8pt>
File: pics/DE_iter-51.png Graphic file (type png)
 <use pics/DE_iter-51.png>
Package pdftex.def Info: pics/DE_iter-51.png used on input line 346.
(pdftex.def)             Requested size: 481.79881pt x 481.79881pt.
 <./pics/DE_iter-51.png> <a0,fr50> <pics/DE_iter-52.png, id=921, 481.8pt x 481.8pt>
File: pics/DE_iter-52.png Graphic file (type png)
 <use pics/DE_iter-52.png>
Package pdftex.def Info: pics/DE_iter-52.png used on input line 346.
(pdftex.def)             Requested size: 481.79881pt x 481.79881pt.
 <./pics/DE_iter-52.png> <a0,fr51> <pics/DE_iter-53.png, id=930, 481.8pt x 481.8pt>
File: pics/DE_iter-53.png Graphic file (type png)
 <use pics/DE_iter-53.png>
Package pdftex.def Info: pics/DE_iter-53.png used on input line 346.
(pdftex.def)             Requested size: 481.79881pt x 481.79881pt.
 <./pics/DE_iter-53.png> <a0,fr52> <pics/DE_iter-54.png, id=939, 481.8pt x 481.8pt>
File: pics/DE_iter-54.png Graphic file (type png)
 <use pics/DE_iter-54.png>
Package pdftex.def Info: pics/DE_iter-54.png used on input line 346.
(pdftex.def)             Requested size: 481.79881pt x 481.79881pt.
 <./pics/DE_iter-54.png> <a0,fr53> <pics/DE_iter-55.png, id=948, 481.8pt x 481.8pt>
File: pics/DE_iter-55.png Graphic file (type png)
 <use pics/DE_iter-55.png>
Package pdftex.def Info: pics/DE_iter-55.png used on input line 346.
(pdftex.def)             Requested size: 481.79881pt x 481.79881pt.
 <./pics/DE_iter-55.png> <a0,fr54> <pics/DE_iter-56.png, id=957, 481.8pt x 481.8pt>
File: pics/DE_iter-56.png Graphic file (type png)
 <use pics/DE_iter-56.png>
Package pdftex.def Info: pics/DE_iter-56.png used on input line 346.
(pdftex.def)             Requested size: 481.79881pt x 481.79881pt.
 <./pics/DE_iter-56.png> <a0,fr55> <pics/DE_iter-57.png, id=966, 481.8pt x 481.8pt>
File: pics/DE_iter-57.png Graphic file (type png)
 <use pics/DE_iter-57.png>
Package pdftex.def Info: pics/DE_iter-57.png used on input line 346.
(pdftex.def)             Requested size: 481.79881pt x 481.79881pt.
 <./pics/DE_iter-57.png> <a0,fr56>
<pics/DE_iter-58.png, id=975, 481.8pt x 481.8pt>
File: pics/DE_iter-58.png Graphic file (type png)
 <use pics/DE_iter-58.png>
Package pdftex.def Info: pics/DE_iter-58.png used on input line 346.
(pdftex.def)             Requested size: 481.79881pt x 481.79881pt.
 <./pics/DE_iter-58.png> <a0,fr57> <pics/DE_iter-59.png, id=984, 481.8pt x 481.8pt>
File: pics/DE_iter-59.png Graphic file (type png)
 <use pics/DE_iter-59.png>
Package pdftex.def Info: pics/DE_iter-59.png used on input line 346.
(pdftex.def)             Requested size: 481.79881pt x 481.79881pt.
 <./pics/DE_iter-59.png> <a0,fr58> <pics/DE_iter-60.png, id=993, 481.8pt x 481.8pt>
File: pics/DE_iter-60.png Graphic file (type png)
 <use pics/DE_iter-60.png>
Package pdftex.def Info: pics/DE_iter-60.png used on input line 346.
(pdftex.def)             Requested size: 481.79881pt x 481.79881pt.
 <./pics/DE_iter-60.png> <a0,fr59> <pics/DE_iter-61.png, id=1002, 481.8pt x 481.8pt>
File: pics/DE_iter-61.png Graphic file (type png)
 <use pics/DE_iter-61.png>
Package pdftex.def Info: pics/DE_iter-61.png used on input line 346.
(pdftex.def)             Requested size: 481.79881pt x 481.79881pt.
 <./pics/DE_iter-61.png> <a0,fr60> <pics/DE_iter-62.png, id=1011, 481.8pt x 481.8pt>
File: pics/DE_iter-62.png Graphic file (type png)
 <use pics/DE_iter-62.png>
Package pdftex.def Info: pics/DE_iter-62.png used on input line 346.
(pdftex.def)             Requested size: 481.79881pt x 481.79881pt.
 <./pics/DE_iter-62.png> <a0,fr61> <pics/DE_iter-63.png, id=1020, 481.8pt x 481.8pt>
File: pics/DE_iter-63.png Graphic file (type png)
 <use pics/DE_iter-63.png>
Package pdftex.def Info: pics/DE_iter-63.png used on input line 346.
(pdftex.def)             Requested size: 481.79881pt x 481.79881pt.
 <./pics/DE_iter-63.png> <a0,fr62> <pics/DE_iter-64.png, id=1029, 481.8pt x 481.8pt>
File: pics/DE_iter-64.png Graphic file (type png)
 <use pics/DE_iter-64.png>
Package pdftex.def Info: pics/DE_iter-64.png used on input line 346.
(pdftex.def)             Requested size: 481.79881pt x 481.79881pt.
 <./pics/DE_iter-64.png> <a0,fr63> <pics/DE_iter-65.png, id=1038, 481.8pt x 481.8pt>
File: pics/DE_iter-65.png Graphic file (type png)
 <use pics/DE_iter-65.png>
Package pdftex.def Info: pics/DE_iter-65.png used on input line 346.
(pdftex.def)             Requested size: 481.79881pt x 481.79881pt.
 <./pics/DE_iter-65.png> <a0,fr64> <pics/DE_iter-66.png, id=1047, 481.8pt x 481.8pt>
File: pics/DE_iter-66.png Graphic file (type png)
 <use pics/DE_iter-66.png>
Package pdftex.def Info: pics/DE_iter-66.png used on input line 346.
(pdftex.def)             Requested size: 481.79881pt x 481.79881pt.
 <./pics/DE_iter-66.png> <a0,fr65>
<pics/DE_iter-67.png, id=1056, 481.8pt x 481.8pt>
File: pics/DE_iter-67.png Graphic file (type png)
 <use pics/DE_iter-67.png>
Package pdftex.def Info: pics/DE_iter-67.png used on input line 346.
(pdftex.def)             Requested size: 481.79881pt x 481.79881pt.
 <./pics/DE_iter-67.png> <a0,fr66> <pics/DE_iter-68.png, id=1065, 481.8pt x 481.8pt>
File: pics/DE_iter-68.png Graphic file (type png)
 <use pics/DE_iter-68.png>
Package pdftex.def Info: pics/DE_iter-68.png used on input line 346.
(pdftex.def)             Requested size: 481.79881pt x 481.79881pt.
 <./pics/DE_iter-68.png> <a0,fr67> <pics/DE_iter-69.png, id=1074, 481.8pt x 481.8pt>
File: pics/DE_iter-69.png Graphic file (type png)
 <use pics/DE_iter-69.png>
Package pdftex.def Info: pics/DE_iter-69.png used on input line 346.
(pdftex.def)             Requested size: 481.79881pt x 481.79881pt.
 <./pics/DE_iter-69.png> <a0,fr68> <pics/DE_iter-70.png, id=1084, 481.8pt x 481.8pt>
File: pics/DE_iter-70.png Graphic file (type png)
 <use pics/DE_iter-70.png>
Package pdftex.def Info: pics/DE_iter-70.png used on input line 346.
(pdftex.def)             Requested size: 481.79881pt x 481.79881pt.
 <./pics/DE_iter-70.png> <a0,fr69> <pics/DE_iter-71.png, id=1093, 481.8pt x 481.8pt>
File: pics/DE_iter-71.png Graphic file (type png)
 <use pics/DE_iter-71.png>
Package pdftex.def Info: pics/DE_iter-71.png used on input line 346.
(pdftex.def)             Requested size: 481.79881pt x 481.79881pt.
 <./pics/DE_iter-71.png> <a0,fr70> <pics/DE_iter-72.png, id=1102, 481.8pt x 481.8pt>
File: pics/DE_iter-72.png Graphic file (type png)
 <use pics/DE_iter-72.png>
Package pdftex.def Info: pics/DE_iter-72.png used on input line 346.
(pdftex.def)             Requested size: 481.79881pt x 481.79881pt.
 <./pics/DE_iter-72.png> <a0,fr71> <pics/DE_iter-73.png, id=1111, 481.8pt x 481.8pt>
File: pics/DE_iter-73.png Graphic file (type png)
 <use pics/DE_iter-73.png>
Package pdftex.def Info: pics/DE_iter-73.png used on input line 346.
(pdftex.def)             Requested size: 481.79881pt x 481.79881pt.
 <./pics/DE_iter-73.png> <a0,fr72> <pics/DE_iter-74.png, id=1120, 481.8pt x 481.8pt>
File: pics/DE_iter-74.png Graphic file (type png)
 <use pics/DE_iter-74.png>
Package pdftex.def Info: pics/DE_iter-74.png used on input line 346.
(pdftex.def)             Requested size: 481.79881pt x 481.79881pt.
 <./pics/DE_iter-74.png> <a0,fr73> <pics/DE_iter-75.png, id=1129, 481.8pt x 481.8pt>
File: pics/DE_iter-75.png Graphic file (type png)
 <use pics/DE_iter-75.png>
Package pdftex.def Info: pics/DE_iter-75.png used on input line 346.
(pdftex.def)             Requested size: 481.79881pt x 481.79881pt.
 <./pics/DE_iter-75.png> <a0,fr74>
<pics/DE_iter-76.png, id=1138, 481.8pt x 481.8pt>
File: pics/DE_iter-76.png Graphic file (type png)
 <use pics/DE_iter-76.png>
Package pdftex.def Info: pics/DE_iter-76.png used on input line 346.
(pdftex.def)             Requested size: 481.79881pt x 481.79881pt.
 <./pics/DE_iter-76.png> <a0,fr75> <pics/DE_iter-77.png, id=1147, 481.8pt x 481.8pt>
File: pics/DE_iter-77.png Graphic file (type png)
 <use pics/DE_iter-77.png>
Package pdftex.def Info: pics/DE_iter-77.png used on input line 346.
(pdftex.def)             Requested size: 481.79881pt x 481.79881pt.
 <./pics/DE_iter-77.png> <a0,fr76> <pics/DE_iter-78.png, id=1156, 481.8pt x 481.8pt>
File: pics/DE_iter-78.png Graphic file (type png)
 <use pics/DE_iter-78.png>
Package pdftex.def Info: pics/DE_iter-78.png used on input line 346.
(pdftex.def)             Requested size: 481.79881pt x 481.79881pt.
 <./pics/DE_iter-78.png> <a0,fr77> <pics/DE_iter-79.png, id=1165, 481.8pt x 481.8pt>
File: pics/DE_iter-79.png Graphic file (type png)
 <use pics/DE_iter-79.png>
Package pdftex.def Info: pics/DE_iter-79.png used on input line 346.
(pdftex.def)             Requested size: 481.79881pt x 481.79881pt.
 <./pics/DE_iter-79.png> <a0,fr78> <pics/DE_iter-80.png, id=1174, 481.8pt x 481.8pt>
File: pics/DE_iter-80.png Graphic file (type png)
 <use pics/DE_iter-80.png>
Package pdftex.def Info: pics/DE_iter-80.png used on input line 346.
(pdftex.def)             Requested size: 481.79881pt x 481.79881pt.
 <./pics/DE_iter-80.png> <a0,fr79> <pics/DE_iter-81.png, id=1183, 481.8pt x 481.8pt>
File: pics/DE_iter-81.png Graphic file (type png)
 <use pics/DE_iter-81.png>
Package pdftex.def Info: pics/DE_iter-81.png used on input line 346.
(pdftex.def)             Requested size: 481.79881pt x 481.79881pt.
 <./pics/DE_iter-81.png> <a0,fr80> <pics/DE_iter-82.png, id=1192, 481.8pt x 481.8pt>
File: pics/DE_iter-82.png Graphic file (type png)
 <use pics/DE_iter-82.png>
Package pdftex.def Info: pics/DE_iter-82.png used on input line 346.
(pdftex.def)             Requested size: 481.79881pt x 481.79881pt.
 <./pics/DE_iter-82.png> <a0,fr81> <pics/DE_iter-83.png, id=1201, 481.8pt x 481.8pt>
File: pics/DE_iter-83.png Graphic file (type png)
 <use pics/DE_iter-83.png>
Package pdftex.def Info: pics/DE_iter-83.png used on input line 346.
(pdftex.def)             Requested size: 481.79881pt x 481.79881pt.
 <./pics/DE_iter-83.png> <a0,fr82> <pics/DE_iter-84.png, id=1210, 481.8pt x 481.8pt>
File: pics/DE_iter-84.png Graphic file (type png)
 <use pics/DE_iter-84.png>
Package pdftex.def Info: pics/DE_iter-84.png used on input line 346.
(pdftex.def)             Requested size: 481.79881pt x 481.79881pt.
 <./pics/DE_iter-84.png> <a0,fr83>
<pics/DE_iter-85.png, id=1219, 481.8pt x 481.8pt>
File: pics/DE_iter-85.png Graphic file (type png)
 <use pics/DE_iter-85.png>
Package pdftex.def Info: pics/DE_iter-85.png used on input line 346.
(pdftex.def)             Requested size: 481.79881pt x 481.79881pt.
 <./pics/DE_iter-85.png> <a0,fr84> <pics/DE_iter-86.png, id=1228, 481.8pt x 481.8pt>
File: pics/DE_iter-86.png Graphic file (type png)
 <use pics/DE_iter-86.png>
Package pdftex.def Info: pics/DE_iter-86.png used on input line 346.
(pdftex.def)             Requested size: 481.79881pt x 481.79881pt.
 <./pics/DE_iter-86.png> <a0,fr85> <pics/DE_iter-87.png, id=1237, 481.8pt x 481.8pt>
File: pics/DE_iter-87.png Graphic file (type png)
 <use pics/DE_iter-87.png>
Package pdftex.def Info: pics/DE_iter-87.png used on input line 346.
(pdftex.def)             Requested size: 481.79881pt x 481.79881pt.
 <./pics/DE_iter-87.png> <a0,fr86> <pics/DE_iter-88.png, id=1246, 481.8pt x 481.8pt>
File: pics/DE_iter-88.png Graphic file (type png)
 <use pics/DE_iter-88.png>
Package pdftex.def Info: pics/DE_iter-88.png used on input line 346.
(pdftex.def)             Requested size: 481.79881pt x 481.79881pt.
 <./pics/DE_iter-88.png> <a0,fr87> <pics/DE_iter-89.png, id=1255, 481.8pt x 481.8pt>
File: pics/DE_iter-89.png Graphic file (type png)
 <use pics/DE_iter-89.png>
Package pdftex.def Info: pics/DE_iter-89.png used on input line 346.
(pdftex.def)             Requested size: 481.79881pt x 481.79881pt.
 <./pics/DE_iter-89.png> <a0,fr88> <pics/DE_iter-90.png, id=1264, 481.8pt x 481.8pt>
File: pics/DE_iter-90.png Graphic file (type png)
 <use pics/DE_iter-90.png>
Package pdftex.def Info: pics/DE_iter-90.png used on input line 346.
(pdftex.def)             Requested size: 481.79881pt x 481.79881pt.
 <./pics/DE_iter-90.png> <a0,fr89> <pics/DE_iter-91.png, id=1273, 481.8pt x 481.8pt>
File: pics/DE_iter-91.png Graphic file (type png)
 <use pics/DE_iter-91.png>
Package pdftex.def Info: pics/DE_iter-91.png used on input line 346.
(pdftex.def)             Requested size: 481.79881pt x 481.79881pt.
 <./pics/DE_iter-91.png> <a0,fr90> <pics/DE_iter-92.png, id=1282, 481.8pt x 481.8pt>
File: pics/DE_iter-92.png Graphic file (type png)
 <use pics/DE_iter-92.png>
Package pdftex.def Info: pics/DE_iter-92.png used on input line 346.
(pdftex.def)             Requested size: 481.79881pt x 481.79881pt.
 <./pics/DE_iter-92.png> <a0,fr91> <pics/DE_iter-93.png, id=1291, 481.8pt x 481.8pt>
File: pics/DE_iter-93.png Graphic file (type png)
 <use pics/DE_iter-93.png>
Package pdftex.def Info: pics/DE_iter-93.png used on input line 346.
(pdftex.def)             Requested size: 481.79881pt x 481.79881pt.
 <./pics/DE_iter-93.png> <a0,fr92>
<pics/DE_iter-94.png, id=1300, 481.8pt x 481.8pt>
File: pics/DE_iter-94.png Graphic file (type png)
 <use pics/DE_iter-94.png>
Package pdftex.def Info: pics/DE_iter-94.png used on input line 346.
(pdftex.def)             Requested size: 481.79881pt x 481.79881pt.
 <./pics/DE_iter-94.png> <a0,fr93> <pics/DE_iter-95.png, id=1309, 481.8pt x 481.8pt>
File: pics/DE_iter-95.png Graphic file (type png)
 <use pics/DE_iter-95.png>
Package pdftex.def Info: pics/DE_iter-95.png used on input line 346.
(pdftex.def)             Requested size: 481.79881pt x 481.79881pt.
 <./pics/DE_iter-95.png> <a0,fr94> <pics/DE_iter-96.png, id=1318, 481.8pt x 481.8pt>
File: pics/DE_iter-96.png Graphic file (type png)
 <use pics/DE_iter-96.png>
Package pdftex.def Info: pics/DE_iter-96.png used on input line 346.
(pdftex.def)             Requested size: 481.79881pt x 481.79881pt.
 <./pics/DE_iter-96.png> <a0,fr95> <pics/DE_iter-97.png, id=1327, 481.8pt x 481.8pt>
File: pics/DE_iter-97.png Graphic file (type png)
 <use pics/DE_iter-97.png>
Package pdftex.def Info: pics/DE_iter-97.png used on input line 346.
(pdftex.def)             Requested size: 481.79881pt x 481.79881pt.
 <./pics/DE_iter-97.png> <a0,fr96> <pics/DE_iter-98.png, id=1336, 481.8pt x 481.8pt>
File: pics/DE_iter-98.png Graphic file (type png)
 <use pics/DE_iter-98.png>
Package pdftex.def Info: pics/DE_iter-98.png used on input line 346.
(pdftex.def)             Requested size: 481.79881pt x 481.79881pt.
 <./pics/DE_iter-98.png> <a0,fr97> <pics/DE_iter-99.png, id=1345, 481.8pt x 481.8pt>
File: pics/DE_iter-99.png Graphic file (type png)
 <use pics/DE_iter-99.png>
Package pdftex.def Info: pics/DE_iter-99.png used on input line 346.
(pdftex.def)             Requested size: 481.79881pt x 481.79881pt.
 <./pics/DE_iter-99.png> <a0,fr98>
File: frame.pdf Graphic file (type pdf)
 <use frame.pdf>
Package pdftex.def Info: frame.pdf used on input line 346.
(pdftex.def)             Requested size: 364.19255pt x 273.14938pt.
 [33

]

Package hyperref Warning: Token not allowed in a PDF string (PDFDocEncoding):
(hyperref)                removing `\translate ' on input line 349.

<pics/image002.png, id=1364, 709.65125pt x 606.265pt>
File: pics/image002.png Graphic file (type png)
 <use pics/image002.png>
Package pdftex.def Info: pics/image002.png used on input line 371.
(pdftex.def)             Requested size: 183.0214pt x 156.27322pt.
File: frame.pdf Graphic file (type pdf)
 <use frame.pdf>
Package pdftex.def Info: frame.pdf used on input line 371.
(pdftex.def)             Requested size: 364.19255pt x 273.14938pt.
 [34

 <./pics/image002.png>]
\tf@nav=\write7
\openout7 = `GM-180307.nav'.

\tf@toc=\write8
\openout8 = `GM-180307.toc'.

\tf@snm=\write9
\openout9 = `GM-180307.snm'.

Package atveryend Info: Empty hook `BeforeClearDocument' on input line 378.
Package atveryend Info: Empty hook `AfterLastShipout' on input line 378.
 (./GM-180307.aux)
Package atveryend Info: Executing hook `AtVeryEndDocument' on input line 378.
Package atveryend Info: Executing hook `AtEndAfterFileList' on input line 378.
Package rerunfilecheck Info: File `GM-180307.out' has not changed.
(rerunfilecheck)             Checksum: D9694BC855D0C50CCAD6B8D6DEDF7609;41.
 ) 
Here is how much of TeX's memory you used:
 29198 strings out of 492995
 577247 string characters out of 6132704
 642143 words of memory out of 5000000
 32042 multiletter control sequences out of 15000+600000
 16426 words of font info for 60 fonts, out of 8000000 for 9000
 1141 hyphenation exceptions out of 8191
 56i,17n,64p,10420b,1184s stack positions out of 5000i,500n,10000p,200000b,80000s
</usr/local/texlive/2017/texmf-dist/fonts/type1/public/amsfonts/cm/cmex10.pfb></usr/local/texlive/2017/texmf-dist/fonts/type1/public/amsfonts/cm/cmmi10.pfb></usr/local/texlive/2017/texmf-dist/fonts/type1/public/amsfonts/cm/cmss10.pfb></usr/local/texlive/2017/texmf-dist/fonts/type1/public/amsfonts/cm/cmss12.pfb></usr/local/texlive/2017/texmf-dist/fonts/type1/public/amsfonts/cm/cmss8.pfb></usr/local/texlive/2017/texmf-dist/fonts/type1/public/amsfonts/cm/cmss9.pfb></usr/local/texlive/2017/texmf-dist/fonts/type1/public/amsfonts/cm/cmssbx10.pfb></usr/local/texlive/2017/texmf-dist/fonts/type1/public/amsfonts/cm/cmssi10.pfb></usr/local/texlive/2017/texmf-dist/fonts/type1/public/amsfonts/cm/cmssi12.pfb></usr/local/texlive/2017/texmf-dist/fonts/type1/public/amsfonts/cm/cmssi8.pfb></usr/local/texlive/2017/texmf-dist/fonts/type1/public/amsfonts/cm/cmsy10.pfb></usr/local/texlive/2017/texmf-dist/fonts/type1/public/amsfonts/symbols/msam10.pfb></usr/local/texlive/2017/texmf-dist/fonts/type1/urw/hel
vetic/uhvr8a.pfb>
Output written on GM-180307.pdf (34 pages, 11304804 bytes).
PDF statistics:
 1432 PDF objects out of 1440 (max. 8388607)
 772 compressed objects within 8 object streams
 71 named destinations out of 1000 (max. 500000)
 2570 words of extra memory for PDF output out of 10000 (max. 10000000)

